2022-01-01 20:32:27,634                  ,--.                     ,---._                           
2022-01-01 20:32:27,643                ,--.'|                   .-- -.' \     ,---,      ,----..   
2022-01-01 20:32:27,643            ,--,:  : |       ,---.       |    |   :  .'  .' `\   /   /   \  
2022-01-01 20:32:27,643         ,`--.'`|  ' :      /__./|       :    ;   |,---.'     \ |   :     : 
2022-01-01 20:32:27,643         |   :  :  | | ,---.;  ; |       :        ||   |  .`\  |.   |  ;. / 
2022-01-01 20:32:27,643         :   |   \ | :/___/ \  | |       |    :   ::   : |  '  |.   ; /--`  
2022-01-01 20:32:27,643         |   : '  '; |\   ;  \ ' |       :         |   ' '  ;  :;   | ;     
2022-01-01 20:32:27,643         '   ' ;.    ; \   \  \: |       |    ;   |'   | ;  .  ||   : |     
2022-01-01 20:32:27,643         |   | | \   |  ;   \  ' .   ___ l         |   | :  |  '.   | '___  
2022-01-01 20:32:27,643         '   : |  ; .'   \   \   ' /    /\    J   :'   : | /  ; '   ; : .'| 
2022-01-01 20:32:27,643         |   | '`--'      \   `  ;/  ../  `..-    ,|   | '` ,/  '   | '/  : 
2022-01-01 20:32:27,643         '   : |           :   \ |\    \         ; ;   :  .'    |   :    /  
2022-01-01 20:32:27,643         ;   |.'            '---'' \    \       ,' |   ,.'      \   \ .'   
2022-01-01 20:32:27,643         '---'                      '-- - ....--'  '-- '         `---`     
2022-01-01 20:32:27,644 
2022-01-01 20:32:27,644 
2022-01-01 20:32:27,644                                                                      Version:2.3
2022-01-01 20:32:27,644 
2022-01-01 20:32:27,644 
2022-01-01 20:32:27,644                                                                      By Nolan  
2022-01-01 20:32:27,644 
2022-01-01 20:32:27,644 -------------------------------------------------------------------------------------
2022-01-01 20:32:27,644 
2022-01-01 20:32:27,655 序列号:03000200-0400-0500-0006-000700080009

2022-01-01 20:32:27,655 Running on Linux!
2022-01-01 20:32:27,655 系统架构：X64
2022-01-01 20:32:27,656 系统名称：Linux 5.4.162 #0 SMP Fri Dec 31 06:46:23 2021
2022-01-01 20:32:27,656 进程架构：X64
2022-01-01 20:32:27,656 是否64位操作系统：True
2022-01-01 20:32:27,656 -------------------------------------------------------------------------------------
2022-01-01 20:32:27,656 初始化项目
2022-01-01 20:32:27,656 -------------------------------------------------------------------------------------
2022-01-01 20:32:27,656 第一次运行会下载Chromium,后续只是检查是否下载
2022-01-01 20:32:27,656 检查中....
2022-01-01 20:32:27,684 True
2022-01-01 20:32:27,687 程序配置自检 
2022-01-01 20:32:27,687 如果报错请检查配置或者检查配置是否挂载
2022-01-01 20:32:27,692 上传模式：ql
2022-01-01 20:32:27,692 回收时间：3分钟
2022-01-01 20:32:27,692 自动滑块：5
2022-01-01 20:32:27,692 
2022-01-01 20:32:27,692 
2022-01-01 20:32:27,692 浏览器自检
2022-01-01 20:32:27,692 -------------------------------------------------------------------------------------
2022-01-01 20:32:38,822 页面文字京东登录注册+86获取验证码登 录账号密码登录手机快速注册其他登录方式QQ 微信 若您输入的手机号未注册，将为您直接注册，注册即视为同意 京东用户注册协议 、 用户隐私政策
2022-01-01 20:32:38,822 关闭页面
2022-01-01 20:32:38,885 浏览器关闭
2022-01-01 20:32:38,885 浏览器自检成功
2022-01-01 20:32:38,885 浏览器打开时间：11.192
2022-01-01 20:32:38,886 -------------------------------------------------------------------------------------
2022-01-01 20:32:38,886 检查成功
2022-01-01 20:32:39,323 NETJDC started
2022-01-01 20:39:28,205                  ,--.                     ,---._                           
2022-01-01 20:39:28,214                ,--.'|                   .-- -.' \     ,---,      ,----..   
2022-01-01 20:39:28,214            ,--,:  : |       ,---.       |    |   :  .'  .' `\   /   /   \  
2022-01-01 20:39:28,214         ,`--.'`|  ' :      /__./|       :    ;   |,---.'     \ |   :     : 
2022-01-01 20:39:28,214         |   :  :  | | ,---.;  ; |       :        ||   |  .`\  |.   |  ;. / 
2022-01-01 20:39:28,214         :   |   \ | :/___/ \  | |       |    :   ::   : |  '  |.   ; /--`  
2022-01-01 20:39:28,214         |   : '  '; |\   ;  \ ' |       :         |   ' '  ;  :;   | ;     
2022-01-01 20:39:28,214         '   ' ;.    ; \   \  \: |       |    ;   |'   | ;  .  ||   : |     
2022-01-01 20:39:28,214         |   | | \   |  ;   \  ' .   ___ l         |   | :  |  '.   | '___  
2022-01-01 20:39:28,214         '   : |  ; .'   \   \   ' /    /\    J   :'   : | /  ; '   ; : .'| 
2022-01-01 20:39:28,214         |   | '`--'      \   `  ;/  ../  `..-    ,|   | '` ,/  '   | '/  : 
2022-01-01 20:39:28,215         '   : |           :   \ |\    \         ; ;   :  .'    |   :    /  
2022-01-01 20:39:28,215         ;   |.'            '---'' \    \       ,' |   ,.'      \   \ .'   
2022-01-01 20:39:28,215         '---'                      '-- - ....--'  '-- '         `---`     
2022-01-01 20:39:28,215 
2022-01-01 20:39:28,215 
2022-01-01 20:39:28,215                                                                      Version:2.3
2022-01-01 20:39:28,215 
2022-01-01 20:39:28,215 
2022-01-01 20:39:28,215                                                                      By Nolan  
2022-01-01 20:39:28,215 
2022-01-01 20:39:28,215 -------------------------------------------------------------------------------------
2022-01-01 20:39:28,215 
2022-01-01 20:39:28,225 序列号:03000200-0400-0500-0006-000700080009

2022-01-01 20:39:28,225 Running on Linux!
2022-01-01 20:39:28,226 系统架构：X64
2022-01-01 20:39:28,226 系统名称：Linux 5.4.162 #0 SMP Fri Dec 31 06:46:23 2021
2022-01-01 20:39:28,226 进程架构：X64
2022-01-01 20:39:28,226 是否64位操作系统：True
2022-01-01 20:39:28,226 -------------------------------------------------------------------------------------
2022-01-01 20:39:28,226 初始化项目
2022-01-01 20:39:28,227 -------------------------------------------------------------------------------------
2022-01-01 20:39:28,227 第一次运行会下载Chromium,后续只是检查是否下载
2022-01-01 20:39:28,227 检查中....
2022-01-01 20:39:28,255 True
2022-01-01 20:39:28,257 程序配置自检 
2022-01-01 20:39:28,257 如果报错请检查配置或者检查配置是否挂载
2022-01-01 20:39:28,263 上传模式：ql
2022-01-01 20:39:28,263 回收时间：3分钟
2022-01-01 20:39:28,263 自动滑块：5
2022-01-01 20:39:28,263 
2022-01-01 20:39:28,263 
2022-01-01 20:39:28,263 浏览器自检
2022-01-01 20:39:28,263 -------------------------------------------------------------------------------------
2022-01-01 20:39:34,327 页面文字京东登录注册+86获取验证码登 录账号密码登录手机快速注册其他登录方式QQ 微信 若您输入的手机号未注册，将为您直接注册，注册即视为同意 京东用户注册协议 、 用户隐私政策
2022-01-01 20:39:34,327 关闭页面
2022-01-01 20:39:34,417 浏览器关闭
2022-01-01 20:39:34,417 浏览器自检成功
2022-01-01 20:39:34,418 浏览器打开时间：6.154
2022-01-01 20:39:34,419 -------------------------------------------------------------------------------------
2022-01-01 20:39:34,419 检查成功
2022-01-01 20:39:34,887 NETJDC started
2022-01-01 20:39:58,977     手机：18607721068 tabe 创建 时间:01/01/2022 20:39:58
2022-01-01 20:39:58,978 18607721068安全验证
2022-01-01 20:39:59,045 18607721068滑块安全验证
2022-01-01 20:39:59,131 
2022-01-01 20:39:59,233 18607721068获取到坐标 X94
2022-01-01 20:39:59,312 停顿8
2022-01-01 20:39:59,443 停顿1:911
2022-01-01 20:40:00,475 停顿2:636
2022-01-01 20:40:02,165 验证失败
2022-01-01 20:40:02,184 18607721068滑块安全验证
2022-01-01 20:40:02,234 
2022-01-01 20:40:02,240 18607721068获取到坐标 X196
2022-01-01 20:40:02,290 停顿15
2022-01-01 20:40:02,543 停顿1:738
2022-01-01 20:40:03,526 停顿2:580
2022-01-01 20:40:05,162 验证失败
2022-01-01 20:40:05,173 18607721068滑块安全验证
2022-01-01 20:40:05,225 
2022-01-01 20:40:05,237 18607721068获取到坐标 X202
2022-01-01 20:40:05,310 停顿9
2022-01-01 20:40:05,459 停顿1:841
2022-01-01 20:40:06,443 停顿2:643
2022-01-01 20:40:10,128 验证成功
2022-01-01 20:42:58,977     手机：18607721068 tabe 自动回收 时间:01/01/2022 20:42:58
2022-01-01 20:49:45,667                  ,--.                     ,---._                           
2022-01-01 20:49:45,676                ,--.'|                   .-- -.' \     ,---,      ,----..   
2022-01-01 20:49:45,676            ,--,:  : |       ,---.       |    |   :  .'  .' `\   /   /   \  
2022-01-01 20:49:45,677         ,`--.'`|  ' :      /__./|       :    ;   |,---.'     \ |   :     : 
2022-01-01 20:49:45,677         |   :  :  | | ,---.;  ; |       :        ||   |  .`\  |.   |  ;. / 
2022-01-01 20:49:45,677         :   |   \ | :/___/ \  | |       |    :   ::   : |  '  |.   ; /--`  
2022-01-01 20:49:45,677         |   : '  '; |\   ;  \ ' |       :         |   ' '  ;  :;   | ;     
2022-01-01 20:49:45,677         '   ' ;.    ; \   \  \: |       |    ;   |'   | ;  .  ||   : |     
2022-01-01 20:49:45,677         |   | | \   |  ;   \  ' .   ___ l         |   | :  |  '.   | '___  
2022-01-01 20:49:45,677         '   : |  ; .'   \   \   ' /    /\    J   :'   : | /  ; '   ; : .'| 
2022-01-01 20:49:45,677         |   | '`--'      \   `  ;/  ../  `..-    ,|   | '` ,/  '   | '/  : 
2022-01-01 20:49:45,677         '   : |           :   \ |\    \         ; ;   :  .'    |   :    /  
2022-01-01 20:49:45,677         ;   |.'            '---'' \    \       ,' |   ,.'      \   \ .'   
2022-01-01 20:49:45,677         '---'                      '-- - ....--'  '-- '         `---`     
2022-01-01 20:49:45,677 
2022-01-01 20:49:45,677 
2022-01-01 20:49:45,677                                                                      Version:2.3
2022-01-01 20:49:45,677 
2022-01-01 20:49:45,677 
2022-01-01 20:49:45,677                                                                      By Nolan  
2022-01-01 20:49:45,677 
2022-01-01 20:49:45,677 -------------------------------------------------------------------------------------
2022-01-01 20:49:45,677 
2022-01-01 20:49:45,687 序列号:03000200-0400-0500-0006-000700080009

2022-01-01 20:49:45,688 Running on Linux!
2022-01-01 20:49:45,688 系统架构：X64
2022-01-01 20:49:45,688 系统名称：Linux 5.4.162 #0 SMP Fri Dec 31 06:46:23 2021
2022-01-01 20:49:45,688 进程架构：X64
2022-01-01 20:49:45,689 是否64位操作系统：True
2022-01-01 20:49:45,689 -------------------------------------------------------------------------------------
2022-01-01 20:49:45,689 初始化项目
2022-01-01 20:49:45,689 -------------------------------------------------------------------------------------
2022-01-01 20:49:45,689 第一次运行会下载Chromium,后续只是检查是否下载
2022-01-01 20:49:45,689 检查中....
2022-01-01 20:49:45,717 True
2022-01-01 20:49:45,719 程序配置自检 
2022-01-01 20:49:45,719 如果报错请检查配置或者检查配置是否挂载
2022-01-01 20:49:45,725 上传模式：ql
2022-01-01 20:49:45,725 回收时间：3分钟
2022-01-01 20:49:45,725 自动滑块：5
2022-01-01 20:49:45,725 
2022-01-01 20:49:45,725 
2022-01-01 20:49:45,725 浏览器自检
2022-01-01 20:49:45,725 -------------------------------------------------------------------------------------
2022-01-01 20:49:51,913 页面文字京东登录注册+86获取验证码登 录账号密码登录手机快速注册其他登录方式QQ 微信 若您输入的手机号未注册，将为您直接注册，注册即视为同意 京东用户注册协议 、 用户隐私政策
2022-01-01 20:49:51,913 关闭页面
2022-01-01 20:49:51,983 浏览器关闭
2022-01-01 20:49:51,983 浏览器自检成功
2022-01-01 20:49:51,983 浏览器打开时间：6.257000000000001
2022-01-01 20:49:51,984 -------------------------------------------------------------------------------------
2022-01-01 20:49:51,984 检查成功
2022-01-01 20:49:52,416 NETJDC started
2022-01-01 21:10:50,295     手机：18607721068 tabe 创建 时间:01/01/2022 21:10:50
2022-01-01 21:10:50,295 18607721068安全验证
2022-01-01 21:10:50,392 18607721068滑块安全验证
2022-01-01 21:10:50,464 
2022-01-01 21:10:50,565 18607721068获取到坐标 X102
2022-01-01 21:10:50,652 停顿12
2022-01-01 21:10:50,851 停顿1:640
2022-01-01 21:10:51,666 停顿2:672
2022-01-01 21:10:55,389 验证成功
2022-01-01 21:12:34,854                  ,--.                     ,---._                           
2022-01-01 21:12:34,864                ,--.'|                   .-- -.' \     ,---,      ,----..   
2022-01-01 21:12:34,864            ,--,:  : |       ,---.       |    |   :  .'  .' `\   /   /   \  
2022-01-01 21:12:34,864         ,`--.'`|  ' :      /__./|       :    ;   |,---.'     \ |   :     : 
2022-01-01 21:12:34,864         |   :  :  | | ,---.;  ; |       :        ||   |  .`\  |.   |  ;. / 
2022-01-01 21:12:34,864         :   |   \ | :/___/ \  | |       |    :   ::   : |  '  |.   ; /--`  
2022-01-01 21:12:34,864         |   : '  '; |\   ;  \ ' |       :         |   ' '  ;  :;   | ;     
2022-01-01 21:12:34,864         '   ' ;.    ; \   \  \: |       |    ;   |'   | ;  .  ||   : |     
2022-01-01 21:12:34,864         |   | | \   |  ;   \  ' .   ___ l         |   | :  |  '.   | '___  
2022-01-01 21:12:34,864         '   : |  ; .'   \   \   ' /    /\    J   :'   : | /  ; '   ; : .'| 
2022-01-01 21:12:34,864         |   | '`--'      \   `  ;/  ../  `..-    ,|   | '` ,/  '   | '/  : 
2022-01-01 21:12:34,864         '   : |           :   \ |\    \         ; ;   :  .'    |   :    /  
2022-01-01 21:12:34,864         ;   |.'            '---'' \    \       ,' |   ,.'      \   \ .'   
2022-01-01 21:12:34,864         '---'                      '-- - ....--'  '-- '         `---`     
2022-01-01 21:12:34,864 
2022-01-01 21:12:34,864 
2022-01-01 21:12:34,864                                                                      Version:2.3
2022-01-01 21:12:34,864 
2022-01-01 21:12:34,864 
2022-01-01 21:12:34,864                                                                      By Nolan  
2022-01-01 21:12:34,864 
2022-01-01 21:12:34,864 -------------------------------------------------------------------------------------
2022-01-01 21:12:34,864 
2022-01-01 21:12:34,875 序列号:03000200-0400-0500-0006-000700080009

2022-01-01 21:12:34,875 Running on Linux!
2022-01-01 21:12:34,875 系统架构：X64
2022-01-01 21:12:34,876 系统名称：Linux 5.4.162 #0 SMP Fri Dec 31 06:46:23 2021
2022-01-01 21:12:34,876 进程架构：X64
2022-01-01 21:12:34,876 是否64位操作系统：True
2022-01-01 21:12:34,876 -------------------------------------------------------------------------------------
2022-01-01 21:12:34,876 初始化项目
2022-01-01 21:12:34,876 -------------------------------------------------------------------------------------
2022-01-01 21:12:34,876 第一次运行会下载Chromium,后续只是检查是否下载
2022-01-01 21:12:34,876 检查中....
2022-01-01 21:12:34,904 True
2022-01-01 21:12:34,907 程序配置自检 
2022-01-01 21:12:34,907 如果报错请检查配置或者检查配置是否挂载
2022-01-01 21:12:34,912 上传模式：ql
2022-01-01 21:12:34,912 回收时间：3分钟
2022-01-01 21:12:34,913 自动滑块：5
2022-01-01 21:12:34,913 
2022-01-01 21:12:34,913 
2022-01-01 21:12:34,913 浏览器自检
2022-01-01 21:12:34,913 -------------------------------------------------------------------------------------
2022-01-01 21:12:41,089 页面文字京东登录注册+86获取验证码登 录账号密码登录手机快速注册其他登录方式QQ 微信 若您输入的手机号未注册，将为您直接注册，注册即视为同意 京东用户注册协议 、 用户隐私政策
2022-01-01 21:12:41,089 关闭页面
2022-01-01 21:12:41,196 浏览器关闭
2022-01-01 21:12:41,197 浏览器自检成功
2022-01-01 21:12:41,197 浏览器打开时间：6.284
2022-01-01 21:12:41,197 -------------------------------------------------------------------------------------
2022-01-01 21:12:41,198 检查成功
2022-01-01 21:12:41,632 NETJDC started
2022-01-01 21:29:41,859     手机：18607721068 tabe 创建 时间:01/01/2022 21:29:41
2022-01-01 21:29:41,860 18607721068安全验证
2022-01-01 21:29:42,393 18607721068滑块安全验证
2022-01-01 21:29:42,489 
2022-01-01 21:29:42,605 18607721068获取到坐标 X115
2022-01-01 21:29:42,688 停顿16
2022-01-01 21:29:42,954 停顿1:696
2022-01-01 21:29:43,906 停顿2:625
2022-01-01 21:29:47,583 验证成功
2022-01-01 21:32:41,866     手机：18607721068 tabe 自动回收 时间:01/01/2022 21:32:41
2022-01-01 21:35:06,319                  ,--.                     ,---._                           
2022-01-01 21:35:06,328                ,--.'|                   .-- -.' \     ,---,      ,----..   
2022-01-01 21:35:06,328            ,--,:  : |       ,---.       |    |   :  .'  .' `\   /   /   \  
2022-01-01 21:35:06,328         ,`--.'`|  ' :      /__./|       :    ;   |,---.'     \ |   :     : 
2022-01-01 21:35:06,328         |   :  :  | | ,---.;  ; |       :        ||   |  .`\  |.   |  ;. / 
2022-01-01 21:35:06,328         :   |   \ | :/___/ \  | |       |    :   ::   : |  '  |.   ; /--`  
2022-01-01 21:35:06,328         |   : '  '; |\   ;  \ ' |       :         |   ' '  ;  :;   | ;     
2022-01-01 21:35:06,328         '   ' ;.    ; \   \  \: |       |    ;   |'   | ;  .  ||   : |     
2022-01-01 21:35:06,328         |   | | \   |  ;   \  ' .   ___ l         |   | :  |  '.   | '___  
2022-01-01 21:35:06,328         '   : |  ; .'   \   \   ' /    /\    J   :'   : | /  ; '   ; : .'| 
2022-01-01 21:35:06,328         |   | '`--'      \   `  ;/  ../  `..-    ,|   | '` ,/  '   | '/  : 
2022-01-01 21:35:06,328         '   : |           :   \ |\    \         ; ;   :  .'    |   :    /  
2022-01-01 21:35:06,328         ;   |.'            '---'' \    \       ,' |   ,.'      \   \ .'   
2022-01-01 21:35:06,328         '---'                      '-- - ....--'  '-- '         `---`     
2022-01-01 21:35:06,328 
2022-01-01 21:35:06,328 
2022-01-01 21:35:06,328                                                                      Version:2.3
2022-01-01 21:35:06,328 
2022-01-01 21:35:06,328 
2022-01-01 21:35:06,328                                                                      By Nolan  
2022-01-01 21:35:06,328 
2022-01-01 21:35:06,329 -------------------------------------------------------------------------------------
2022-01-01 21:35:06,329 
2022-01-01 21:35:06,339 序列号:03000200-0400-0500-0006-000700080009

2022-01-01 21:35:06,339 Running on Linux!
2022-01-01 21:35:06,340 系统架构：X64
2022-01-01 21:35:06,340 系统名称：Linux 5.4.162 #0 SMP Fri Dec 31 06:46:23 2021
2022-01-01 21:35:06,340 进程架构：X64
2022-01-01 21:35:06,340 是否64位操作系统：True
2022-01-01 21:35:06,340 -------------------------------------------------------------------------------------
2022-01-01 21:35:06,340 初始化项目
2022-01-01 21:35:06,340 -------------------------------------------------------------------------------------
2022-01-01 21:35:06,340 第一次运行会下载Chromium,后续只是检查是否下载
2022-01-01 21:35:06,340 检查中....
2022-01-01 21:35:06,369 True
2022-01-01 21:35:06,371 程序配置自检 
2022-01-01 21:35:06,371 如果报错请检查配置或者检查配置是否挂载
2022-01-01 21:35:06,377 上传模式：ql
2022-01-01 21:35:06,377 回收时间：5分钟
2022-01-01 21:35:06,377 自动滑块：5
2022-01-01 21:35:06,377 
2022-01-01 21:35:06,377 
2022-01-01 21:35:06,377 浏览器自检
2022-01-01 21:35:06,377 -------------------------------------------------------------------------------------
2022-01-01 21:35:13,279 页面文字京东登录注册+86获取验证码登 录账号密码登录手机快速注册其他登录方式QQ 微信 若您输入的手机号未注册，将为您直接注册，注册即视为同意 京东用户注册协议 、 用户隐私政策
2022-01-01 21:35:13,279 关闭页面
2022-01-01 21:35:13,365 浏览器关闭
2022-01-01 21:35:13,366 浏览器自检成功
2022-01-01 21:35:13,366 浏览器打开时间：6.988
2022-01-01 21:35:13,366 -------------------------------------------------------------------------------------
2022-01-01 21:35:13,366 检查成功
2022-01-01 21:35:13,884 NETJDC started
2022-01-01 21:37:20,779     手机：13377407606 tabe 创建 时间:01/01/2022 21:37:20
2022-01-01 21:37:20,780 13377407606安全验证
2022-01-01 21:37:20,882 13377407606滑块安全验证
2022-01-01 21:37:20,952 
2022-01-01 21:37:21,055 13377407606获取到坐标 X106
2022-01-01 21:37:21,140 停顿13
2022-01-01 21:37:21,352 停顿1:927
2022-01-01 21:37:22,471 停顿2:567
2022-01-01 21:37:26,087 验证成功
2022-01-01 21:37:38,123 输入验证码984261
2022-01-01 21:37:40,975 13377407606获取到ck
2022-01-01 21:37:41,385 获取nickname
2022-01-01 21:37:42,522 获取nickname
2022-01-01 21:39:04,706 获取nickname
2022-01-01 21:42:20,785     手机：13377407606 tabe 自动回收 时间:01/01/2022 21:42:20
2022-01-01 23:16:55,251                  ,--.                     ,---._                           
2022-01-01 23:16:55,272                ,--.'|                   .-- -.' \     ,---,      ,----..   
2022-01-01 23:16:55,272            ,--,:  : |       ,---.       |    |   :  .'  .' `\   /   /   \  
2022-01-01 23:16:55,272         ,`--.'`|  ' :      /__./|       :    ;   |,---.'     \ |   :     : 
2022-01-01 23:16:55,272         |   :  :  | | ,---.;  ; |       :        ||   |  .`\  |.   |  ;. / 
2022-01-01 23:16:55,272         :   |   \ | :/___/ \  | |       |    :   ::   : |  '  |.   ; /--`  
2022-01-01 23:16:55,272         |   : '  '; |\   ;  \ ' |       :         |   ' '  ;  :;   | ;     
2022-01-01 23:16:55,272         '   ' ;.    ; \   \  \: |       |    ;   |'   | ;  .  ||   : |     
2022-01-01 23:16:55,272         |   | | \   |  ;   \  ' .   ___ l         |   | :  |  '.   | '___  
2022-01-01 23:16:55,272         '   : |  ; .'   \   \   ' /    /\    J   :'   : | /  ; '   ; : .'| 
2022-01-01 23:16:55,272         |   | '`--'      \   `  ;/  ../  `..-    ,|   | '` ,/  '   | '/  : 
2022-01-01 23:16:55,272         '   : |           :   \ |\    \         ; ;   :  .'    |   :    /  
2022-01-01 23:16:55,272         ;   |.'            '---'' \    \       ,' |   ,.'      \   \ .'   
2022-01-01 23:16:55,272         '---'                      '-- - ....--'  '-- '         `---`     
2022-01-01 23:16:55,272 
2022-01-01 23:16:55,272 
2022-01-01 23:16:55,272                                                                      Version:2.3
2022-01-01 23:16:55,272 
2022-01-01 23:16:55,272 
2022-01-01 23:16:55,272                                                                      By Nolan  
2022-01-01 23:16:55,272 
2022-01-01 23:16:55,273 -------------------------------------------------------------------------------------
2022-01-01 23:16:55,273 
2022-01-01 23:16:55,301 序列号:03000200-0400-0500-0006-000700080009

2022-01-01 23:16:55,301 Running on Linux!
2022-01-01 23:16:55,301 系统架构：X64
2022-01-01 23:16:55,302 系统名称：Linux 5.4.162 #0 SMP Fri Dec 31 06:46:23 2021
2022-01-01 23:16:55,302 进程架构：X64
2022-01-01 23:16:55,302 是否64位操作系统：True
2022-01-01 23:16:55,302 -------------------------------------------------------------------------------------
2022-01-01 23:16:55,302 初始化项目
2022-01-01 23:16:55,302 -------------------------------------------------------------------------------------
2022-01-01 23:16:55,302 第一次运行会下载Chromium,后续只是检查是否下载
2022-01-01 23:16:55,302 检查中....
2022-01-01 23:16:55,347 True
2022-01-01 23:16:55,350 程序配置自检 
2022-01-01 23:16:55,350 如果报错请检查配置或者检查配置是否挂载
2022-01-01 23:16:55,359 上传模式：ql
2022-01-01 23:16:55,359 回收时间：5分钟
2022-01-01 23:16:55,359 自动滑块：5
2022-01-01 23:16:55,360 
2022-01-01 23:16:55,360 
2022-01-01 23:16:55,360 浏览器自检
2022-01-01 23:16:55,360 -------------------------------------------------------------------------------------
2022-01-01 23:17:03,802 页面文字京东登录注册+86获取验证码登 录账号密码登录手机快速注册其他登录方式QQ 微信 若您输入的手机号未注册，将为您直接注册，注册即视为同意 京东用户注册协议 、 用户隐私政策
2022-01-01 23:17:03,802 关闭页面
2022-01-01 23:17:03,978 浏览器关闭
2022-01-01 23:17:03,979 浏览器自检成功
2022-01-01 23:17:03,979 浏览器打开时间：8.619
2022-01-01 23:17:03,979 -------------------------------------------------------------------------------------
2022-01-01 23:17:03,980 检查成功
2022-01-01 23:17:04,765 NETJDC started
2022-01-03 13:18:29,513                  ,--.                     ,---._                           
2022-01-03 13:18:29,524                ,--.'|                   .-- -.' \     ,---,      ,----..   
2022-01-03 13:18:29,524            ,--,:  : |       ,---.       |    |   :  .'  .' `\   /   /   \  
2022-01-03 13:18:29,524         ,`--.'`|  ' :      /__./|       :    ;   |,---.'     \ |   :     : 
2022-01-03 13:18:29,524         |   :  :  | | ,---.;  ; |       :        ||   |  .`\  |.   |  ;. / 
2022-01-03 13:18:29,524         :   |   \ | :/___/ \  | |       |    :   ::   : |  '  |.   ; /--`  
2022-01-03 13:18:29,524         |   : '  '; |\   ;  \ ' |       :         |   ' '  ;  :;   | ;     
2022-01-03 13:18:29,524         '   ' ;.    ; \   \  \: |       |    ;   |'   | ;  .  ||   : |     
2022-01-03 13:18:29,524         |   | | \   |  ;   \  ' .   ___ l         |   | :  |  '.   | '___  
2022-01-03 13:18:29,524         '   : |  ; .'   \   \   ' /    /\    J   :'   : | /  ; '   ; : .'| 
2022-01-03 13:18:29,524         |   | '`--'      \   `  ;/  ../  `..-    ,|   | '` ,/  '   | '/  : 
2022-01-03 13:18:29,524         '   : |           :   \ |\    \         ; ;   :  .'    |   :    /  
2022-01-03 13:18:29,524         ;   |.'            '---'' \    \       ,' |   ,.'      \   \ .'   
2022-01-03 13:18:29,524         '---'                      '-- - ....--'  '-- '         `---`     
2022-01-03 13:18:29,524 
2022-01-03 13:18:29,524 
2022-01-03 13:18:29,524                                                                      Version:2.3
2022-01-03 13:18:29,524 
2022-01-03 13:18:29,524 
2022-01-03 13:18:29,524                                                                      By Nolan  
2022-01-03 13:18:29,524 
2022-01-03 13:18:29,524 -------------------------------------------------------------------------------------
2022-01-03 13:18:29,524 
2022-01-03 13:18:29,552 序列号:03000200-0400-0500-0006-000700080009

2022-01-03 13:18:29,552 Running on Linux!
2022-01-03 13:18:29,553 系统架构：X64
2022-01-03 13:18:29,553 系统名称：Linux 5.4.162 #0 SMP Fri Dec 31 06:46:23 2021
2022-01-03 13:18:29,553 进程架构：X64
2022-01-03 13:18:29,553 是否64位操作系统：True
2022-01-03 13:18:29,553 -------------------------------------------------------------------------------------
2022-01-03 13:18:29,553 初始化项目
2022-01-03 13:18:29,553 -------------------------------------------------------------------------------------
2022-01-03 13:18:29,553 第一次运行会下载Chromium,后续只是检查是否下载
2022-01-03 13:18:29,553 检查中....
2022-01-03 13:18:29,583 True
2022-01-03 13:18:29,586 程序配置自检 
2022-01-03 13:18:29,586 如果报错请检查配置或者检查配置是否挂载
2022-01-03 13:18:29,591 上传模式：ql
2022-01-03 13:18:29,591 回收时间：5分钟
2022-01-03 13:18:29,591 自动滑块：5
2022-01-03 13:18:29,592 
2022-01-03 13:18:29,592 
2022-01-03 13:18:29,592 浏览器自检
2022-01-03 13:18:29,592 -------------------------------------------------------------------------------------
2022-01-03 13:18:36,488 页面文字京东登录注册+86获取验证码登 录账号密码登录手机快速注册其他登录方式QQ 微信 若您输入的手机号未注册，将为您直接注册，注册即视为同意 京东用户注册协议 、 用户隐私政策
2022-01-03 13:18:36,488 关闭页面
2022-01-03 13:18:36,552 浏览器关闭
2022-01-03 13:18:36,552 浏览器自检成功
2022-01-03 13:18:36,552 浏览器打开时间：6.96
2022-01-03 13:18:36,552 -------------------------------------------------------------------------------------
2022-01-03 13:18:36,553 检查成功
2022-01-03 13:18:37,083 NETJDC started
2022-01-03 13:21:33,670 System.FormatException: Input string was not in a correct format.
   at System.Number.ThrowOverflowOrFormatException(ParsingStatus status, TypeCode type)
   at System.Number.ParseInt32(ReadOnlySpan`1 value, NumberStyles styles, NumberFormatInfo info)
   at System.Int32.Parse(String s)
   at NETJDC.Controllers.CloudController.wxpusher(WxpusherBlackitem obj) in E:\03工作源码\NETJDC\NETJDC\Controllers\CloudController.cs:line 137
   at Microsoft.AspNetCore.Mvc.Infrastructure.ActionMethodExecutor.TaskOfIActionResultExecutor.Execute(IActionResultTypeMapper mapper, ObjectMethodExecutor executor, Object controller, Object[] arguments)
   at Microsoft.AspNetCore.Mvc.Infrastructure.ControllerActionInvoker.<InvokeActionMethodAsync>g__Awaited|12_0(ControllerActionInvoker invoker, ValueTask`1 actionResultValueTask)
   at Microsoft.AspNetCore.Mvc.Infrastructure.ControllerActionInvoker.<InvokeNextActionFilterAsync>g__Awaited|10_0(ControllerActionInvoker invoker, Task lastTask, State next, Scope scope, Object state, Boolean isCompleted)
   at Microsoft.AspNetCore.Mvc.Infrastructure.ControllerActionInvoker.Rethrow(ActionExecutedContextSealed context)
   at Microsoft.AspNetCore.Mvc.Infrastructure.ControllerActionInvoker.Next(State& next, Scope& scope, Object& state, Boolean& isCompleted)
   at Microsoft.AspNetCore.Mvc.Infrastructure.ControllerActionInvoker.InvokeInnerFilterAsync()
--- End of stack trace from previous location ---
   at Microsoft.AspNetCore.Mvc.Infrastructure.ResourceInvoker.<InvokeNextExceptionFilterAsync>g__Awaited|25_0(ResourceInvoker invoker, Task lastTask, State next, Scope scope, Object state, Boolean isCompleted)
2022-01-03 13:24:39,300     手机：18607721068 tabe 创建 时间:01/03/2022 13:24:39
2022-01-03 13:24:39,301 18607721068安全验证
2022-01-03 13:24:39,419 18607721068滑块安全验证
2022-01-03 13:24:39,513 
2022-01-03 13:24:39,788 18607721068获取到坐标 X134
2022-01-03 13:24:39,864 停顿11
2022-01-03 13:24:40,063 停顿1:881
2022-01-03 13:24:41,117 停顿2:542
2022-01-03 13:24:44,711 验证成功
2022-01-03 13:25:00,055 输入验证码585275
2022-01-03 13:25:03,255 18607721068获取到ck
2022-01-03 13:25:03,753 获取nickname
2022-01-03 13:25:05,285 获取nickname
2022-01-03 13:29:38,966                  ,--.                     ,---._                           
2022-01-03 13:29:38,975                ,--.'|                   .-- -.' \     ,---,      ,----..   
2022-01-03 13:29:38,976            ,--,:  : |       ,---.       |    |   :  .'  .' `\   /   /   \  
2022-01-03 13:29:38,976         ,`--.'`|  ' :      /__./|       :    ;   |,---.'     \ |   :     : 
2022-01-03 13:29:38,976         |   :  :  | | ,---.;  ; |       :        ||   |  .`\  |.   |  ;. / 
2022-01-03 13:29:38,976         :   |   \ | :/___/ \  | |       |    :   ::   : |  '  |.   ; /--`  
2022-01-03 13:29:38,976         |   : '  '; |\   ;  \ ' |       :         |   ' '  ;  :;   | ;     
2022-01-03 13:29:38,976         '   ' ;.    ; \   \  \: |       |    ;   |'   | ;  .  ||   : |     
2022-01-03 13:29:38,976         |   | | \   |  ;   \  ' .   ___ l         |   | :  |  '.   | '___  
2022-01-03 13:29:38,976         '   : |  ; .'   \   \   ' /    /\    J   :'   : | /  ; '   ; : .'| 
2022-01-03 13:29:38,976         |   | '`--'      \   `  ;/  ../  `..-    ,|   | '` ,/  '   | '/  : 
2022-01-03 13:29:38,976         '   : |           :   \ |\    \         ; ;   :  .'    |   :    /  
2022-01-03 13:29:38,976         ;   |.'            '---'' \    \       ,' |   ,.'      \   \ .'   
2022-01-03 13:29:38,976         '---'                      '-- - ....--'  '-- '         `---`     
2022-01-03 13:29:38,976 
2022-01-03 13:29:38,976 
2022-01-03 13:29:38,976                                                                      Version:2.3
2022-01-03 13:29:38,976 
2022-01-03 13:29:38,976 
2022-01-03 13:29:38,976                                                                      By Nolan  
2022-01-03 13:29:38,976 
2022-01-03 13:29:38,976 -------------------------------------------------------------------------------------
2022-01-03 13:29:38,976 
2022-01-03 13:29:38,987 序列号:03000200-0400-0500-0006-000700080009

2022-01-03 13:29:38,987 Running on Linux!
2022-01-03 13:29:38,987 系统架构：X64
2022-01-03 13:29:38,988 系统名称：Linux 5.4.162 #0 SMP Fri Dec 31 06:46:23 2021
2022-01-03 13:29:38,988 进程架构：X64
2022-01-03 13:29:38,988 是否64位操作系统：True
2022-01-03 13:29:38,988 -------------------------------------------------------------------------------------
2022-01-03 13:29:38,988 初始化项目
2022-01-03 13:29:38,988 -------------------------------------------------------------------------------------
2022-01-03 13:29:38,988 第一次运行会下载Chromium,后续只是检查是否下载
2022-01-03 13:29:38,988 检查中....
2022-01-03 13:29:39,020 True
2022-01-03 13:29:39,023 程序配置自检 
2022-01-03 13:29:39,023 如果报错请检查配置或者检查配置是否挂载
2022-01-03 13:29:39,028 上传模式：ql
2022-01-03 13:29:39,028 回收时间：5分钟
2022-01-03 13:29:39,029 自动滑块：5
2022-01-03 13:29:39,029 
2022-01-03 13:29:39,029 
2022-01-03 13:29:39,029 浏览器自检
2022-01-03 13:29:39,029 -------------------------------------------------------------------------------------
2022-01-03 13:29:45,019 页面文字京东登录注册+86获取验证码登 录账号密码登录手机快速注册其他登录方式QQ 微信 若您输入的手机号未注册，将为您直接注册，注册即视为同意 京东用户注册协议 、 用户隐私政策
2022-01-03 13:29:45,019 关闭页面
2022-01-03 13:29:45,091 浏览器关闭
2022-01-03 13:29:45,091 浏览器自检成功
2022-01-03 13:29:45,091 浏览器打开时间：6.062
2022-01-03 13:29:45,091 -------------------------------------------------------------------------------------
2022-01-03 13:29:45,091 检查成功
2022-01-03 13:29:45,604 NETJDC started
2022-01-04 00:49:41,584     手机：18607721068 tabe 创建 时间:01/04/2022 00:49:41
2022-01-04 00:49:41,589 18607721068安全验证
2022-01-04 00:49:41,673 18607721068滑块安全验证
2022-01-04 00:49:41,766 
2022-01-04 00:49:42,100 18607721068获取到坐标 X167
2022-01-04 00:49:42,190 停顿14
2022-01-04 00:49:42,447 停顿1:655
2022-01-04 00:49:43,322 停顿2:611
2022-01-04 00:49:46,982 验证成功
2022-01-04 00:50:00,105 输入验证码056537
2022-01-04 00:50:02,423 18607721068获取到ck
2022-01-04 00:50:02,975 获取nickname
2022-01-04 00:50:04,396 获取nickname
2022-01-04 00:54:41,592     手机：18607721068 tabe 自动回收 时间:01/04/2022 00:54:41
2022-01-04 12:00:00,039 用户没有扫码关注。转发给主号
2022-01-04 12:00:00,041 用户没有扫码关注。转发给主号
2022-01-04 12:00:00,041 用户没有扫码关注。转发给主号
2022-01-04 12:00:00,041 用户没有扫码关注。转发给主号
2022-01-04 12:00:00,041 用户没有扫码关注。转发给主号
2022-01-04 12:00:00,041 用户没有扫码关注。转发给主号
2022-01-04 12:00:00,041 用户没有扫码关注。转发给主号
2022-01-04 12:00:00,042 用户没有扫码关注。转发给主号
2022-01-04 12:00:00,042 用户没有扫码关注。转发给主号
2022-01-04 12:00:00,042 用户没有扫码关注。转发给主号
2022-01-04 12:00:00,042 用户没有扫码关注。转发给主号
2022-01-04 12:00:00,042 用户没有扫码关注。转发给主号
2022-01-04 12:00:00,042 用户没有扫码关注。转发给主号
2022-01-04 12:00:00,042 用户没有扫码关注。转发给主号
2022-01-04 12:00:00,042 用户没有扫码关注。转发给主号
2022-01-04 12:00:00,042 用户没有扫码关注。转发给主号
2022-01-04 12:00:00,042 用户没有扫码关注。转发给主号
2022-01-04 12:00:00,042 用户没有扫码关注。转发给主号
2022-01-04 12:00:00,042 用户没有扫码关注。转发给主号
2022-01-04 12:00:00,042 用户没有扫码关注。转发给主号
2022-01-04 12:00:00,042 用户没有扫码关注。转发给主号
2022-01-04 12:00:00,042 用户没有扫码关注。转发给主号
2022-01-04 12:00:00,042 用户没有扫码关注。转发给主号
2022-01-04 12:00:00,042 用户没有扫码关注。转发给主号
2022-01-04 12:00:00,042 用户没有扫码关注。转发给主号
2022-01-04 12:00:00,042 用户没有扫码关注。转发给主号
2022-01-04 12:00:00,042 用户没有扫码关注。转发给主号
2022-01-04 12:00:00,042 用户没有扫码关注。转发给主号
2022-01-04 12:00:00,042 用户没有扫码关注。转发给主号
2022-01-04 12:00:00,042 用户没有扫码关注。转发给主号
2022-01-04 12:00:00,042 用户没有扫码关注。转发给主号
2022-01-04 12:00:00,043 用户没有扫码关注。转发给主号
2022-01-04 12:00:00,043 用户没有扫码关注。转发给主号
2022-01-04 12:00:00,043 用户没有扫码关注。转发给主号
2022-01-04 12:00:00,043 用户没有扫码关注。转发给主号
2022-01-04 12:00:00,043 用户没有扫码关注。转发给主号
2022-01-04 12:00:00,043 用户没有扫码关注。转发给主号
2022-01-04 12:00:00,043 用户没有扫码关注。转发给主号
2022-01-04 12:00:00,043 用户没有扫码关注。转发给主号
2022-01-04 12:00:00,043 用户没有扫码关注。转发给主号
2022-01-04 12:00:00,043 用户没有扫码关注。转发给主号
2022-01-04 12:00:00,043 用户没有扫码关注。转发给主号
2022-01-04 12:00:00,043 用户没有扫码关注。转发给主号
2022-01-04 12:00:00,043 用户没有扫码关注。转发给主号
2022-01-04 12:00:00,043 用户没有扫码关注。转发给主号
2022-01-04 12:00:00,043 用户没有扫码关注。转发给主号
2022-01-04 12:00:00,043 用户没有扫码关注。转发给主号
2022-01-04 12:00:00,043 用户没有扫码关注。转发给主号
2022-01-04 12:00:00,043 用户没有扫码关注。转发给主号
2022-01-04 12:00:00,043 用户没有扫码关注。转发给主号
2022-01-04 12:00:00,044 用户没有扫码关注。转发给主号
2022-01-04 12:00:00,044 用户没有扫码关注。转发给主号
2022-01-04 12:00:00,044 用户没有扫码关注。转发给主号
2022-01-04 12:00:00,044 用户没有扫码关注。转发给主号
2022-01-04 12:00:00,044 用户没有扫码关注。转发给主号
2022-01-04 12:00:00,044 用户没有扫码关注。转发给主号
2022-01-04 12:00:00,044 用户没有扫码关注。转发给主号
2022-01-04 21:18:51,235     手机：18607721068 tabe 创建 时间:01/04/2022 21:18:51
2022-01-04 21:18:51,237 18607721068安全验证
2022-01-04 21:18:51,343 18607721068滑块安全验证
2022-01-04 21:18:51,384 
2022-01-04 21:18:51,389 18607721068获取到坐标 X122
2022-01-04 21:18:51,442 停顿5
2022-01-04 21:18:51,520 停顿1:820
2022-01-04 21:18:52,405 停顿2:523
2022-01-04 21:18:55,982 验证成功
2022-01-04 21:19:21,364 输入验证码416942
2022-01-04 21:19:24,225 18607721068获取到ck
2022-01-04 21:19:24,628 获取nickname
2022-01-04 21:19:25,997 获取nickname
2022-01-04 21:23:51,239     手机：18607721068 tabe 自动回收 时间:01/04/2022 21:23:51
2022-01-05 12:00:01,003 用户没有扫码关注。转发给主号
2022-01-05 12:00:01,006 用户没有扫码关注。转发给主号
2022-01-05 12:00:01,006 用户没有扫码关注。转发给主号
2022-01-05 12:00:01,006 用户没有扫码关注。转发给主号
2022-01-05 12:00:01,006 用户没有扫码关注。转发给主号
2022-01-05 12:00:01,006 用户没有扫码关注。转发给主号
2022-01-05 12:00:01,006 用户没有扫码关注。转发给主号
2022-01-05 12:00:01,006 用户没有扫码关注。转发给主号
2022-01-05 12:00:01,006 用户没有扫码关注。转发给主号
2022-01-05 12:00:01,006 用户没有扫码关注。转发给主号
2022-01-05 12:00:01,006 用户没有扫码关注。转发给主号
2022-01-05 12:00:01,006 用户没有扫码关注。转发给主号
2022-01-05 12:00:01,006 用户没有扫码关注。转发给主号
2022-01-05 12:00:01,007 用户没有扫码关注。转发给主号
2022-01-05 12:00:01,007 用户没有扫码关注。转发给主号
2022-01-05 12:00:01,007 用户没有扫码关注。转发给主号
2022-01-05 12:00:01,007 用户没有扫码关注。转发给主号
2022-01-05 12:00:01,007 用户没有扫码关注。转发给主号
2022-01-05 12:00:01,007 用户没有扫码关注。转发给主号
2022-01-05 12:00:01,007 用户没有扫码关注。转发给主号
2022-01-05 12:00:01,007 用户没有扫码关注。转发给主号
2022-01-05 12:00:01,007 用户没有扫码关注。转发给主号
2022-01-05 12:00:01,007 用户没有扫码关注。转发给主号
2022-01-05 12:00:01,007 用户没有扫码关注。转发给主号
2022-01-05 12:00:01,007 用户没有扫码关注。转发给主号
2022-01-05 12:00:01,007 用户没有扫码关注。转发给主号
2022-01-05 12:00:01,007 用户没有扫码关注。转发给主号
2022-01-05 12:00:01,007 用户没有扫码关注。转发给主号
2022-01-05 12:00:01,007 用户没有扫码关注。转发给主号
2022-01-05 12:00:01,007 用户没有扫码关注。转发给主号
2022-01-05 12:00:01,008 用户没有扫码关注。转发给主号
2022-01-05 12:00:01,008 用户没有扫码关注。转发给主号
2022-01-05 12:00:01,008 用户没有扫码关注。转发给主号
2022-01-05 12:00:01,008 用户没有扫码关注。转发给主号
2022-01-05 12:00:01,008 用户没有扫码关注。转发给主号
2022-01-05 12:00:01,008 用户没有扫码关注。转发给主号
2022-01-05 12:00:01,008 用户没有扫码关注。转发给主号
2022-01-05 12:00:01,008 用户没有扫码关注。转发给主号
2022-01-05 12:00:01,008 用户没有扫码关注。转发给主号
2022-01-05 12:00:01,008 用户没有扫码关注。转发给主号
2022-01-05 12:00:01,008 用户没有扫码关注。转发给主号
2022-01-05 12:00:01,008 用户没有扫码关注。转发给主号
2022-01-05 12:00:01,008 用户没有扫码关注。转发给主号
2022-01-05 12:00:01,008 用户没有扫码关注。转发给主号
2022-01-05 12:00:01,008 用户没有扫码关注。转发给主号
2022-01-05 12:00:01,008 用户没有扫码关注。转发给主号
2022-01-05 12:00:01,008 用户没有扫码关注。转发给主号
2022-01-05 12:00:01,009 用户没有扫码关注。转发给主号
2022-01-05 12:00:01,009 用户没有扫码关注。转发给主号
2022-01-05 12:00:01,009 用户没有扫码关注。转发给主号
2022-01-05 12:00:01,009 用户没有扫码关注。转发给主号
2022-01-05 12:00:01,009 用户没有扫码关注。转发给主号
2022-01-05 12:00:01,009 用户没有扫码关注。转发给主号
2022-01-05 12:00:01,009 用户没有扫码关注。转发给主号
2022-01-05 12:00:01,009 用户没有扫码关注。转发给主号
2022-01-06 12:00:01,004 用户没有扫码关注。转发给主号
2022-01-06 12:00:01,008 用户没有扫码关注。转发给主号
2022-01-06 12:00:01,009 用户没有扫码关注。转发给主号
2022-01-06 12:00:01,009 用户没有扫码关注。转发给主号
2022-01-06 12:00:01,009 用户没有扫码关注。转发给主号
2022-01-06 12:00:01,009 用户没有扫码关注。转发给主号
2022-01-06 12:00:01,009 用户没有扫码关注。转发给主号
2022-01-06 12:00:01,009 用户没有扫码关注。转发给主号
2022-01-06 12:00:01,009 用户没有扫码关注。转发给主号
2022-01-06 12:00:01,009 用户没有扫码关注。转发给主号
2022-01-06 12:00:01,009 用户没有扫码关注。转发给主号
2022-01-06 12:00:01,009 用户没有扫码关注。转发给主号
2022-01-06 12:00:01,009 用户没有扫码关注。转发给主号
2022-01-06 12:00:01,009 用户没有扫码关注。转发给主号
2022-01-06 12:00:01,009 用户没有扫码关注。转发给主号
2022-01-06 12:00:01,010 用户没有扫码关注。转发给主号
2022-01-06 12:00:01,010 用户没有扫码关注。转发给主号
2022-01-06 12:00:01,010 用户没有扫码关注。转发给主号
2022-01-06 12:00:01,010 用户没有扫码关注。转发给主号
2022-01-06 12:00:01,010 用户没有扫码关注。转发给主号
2022-01-06 12:00:01,010 用户没有扫码关注。转发给主号
2022-01-06 12:00:01,010 用户没有扫码关注。转发给主号
2022-01-06 12:00:01,010 用户没有扫码关注。转发给主号
2022-01-06 12:00:01,010 用户没有扫码关注。转发给主号
2022-01-06 12:00:01,010 用户没有扫码关注。转发给主号
2022-01-06 12:00:01,010 用户没有扫码关注。转发给主号
2022-01-06 12:00:01,010 用户没有扫码关注。转发给主号
2022-01-06 12:00:01,010 用户没有扫码关注。转发给主号
2022-01-06 12:00:01,011 用户没有扫码关注。转发给主号
2022-01-06 12:00:01,011 用户没有扫码关注。转发给主号
2022-01-06 12:00:01,011 用户没有扫码关注。转发给主号
2022-01-06 12:00:01,011 用户没有扫码关注。转发给主号
2022-01-06 12:00:01,011 用户没有扫码关注。转发给主号
2022-01-06 12:00:01,011 用户没有扫码关注。转发给主号
2022-01-06 12:00:01,011 用户没有扫码关注。转发给主号
2022-01-06 12:00:01,011 用户没有扫码关注。转发给主号
2022-01-06 12:00:01,011 用户没有扫码关注。转发给主号
2022-01-06 12:00:01,011 用户没有扫码关注。转发给主号
2022-01-06 12:00:01,011 用户没有扫码关注。转发给主号
2022-01-06 12:00:01,011 用户没有扫码关注。转发给主号
2022-01-06 12:00:01,011 用户没有扫码关注。转发给主号
2022-01-06 12:00:01,011 用户没有扫码关注。转发给主号
2022-01-06 12:00:01,012 用户没有扫码关注。转发给主号
2022-01-06 12:00:01,012 用户没有扫码关注。转发给主号
2022-01-06 12:00:01,012 用户没有扫码关注。转发给主号
2022-01-06 12:00:01,012 用户没有扫码关注。转发给主号
2022-01-06 12:00:01,012 用户没有扫码关注。转发给主号
2022-01-06 12:00:01,012 用户没有扫码关注。转发给主号
2022-01-06 12:00:01,012 用户没有扫码关注。转发给主号
2022-01-06 12:00:01,012 用户没有扫码关注。转发给主号
2022-01-06 12:00:01,012 用户没有扫码关注。转发给主号
2022-01-06 12:00:01,012 用户没有扫码关注。转发给主号
2022-01-06 12:00:01,012 用户没有扫码关注。转发给主号
2022-01-06 12:00:01,013 用户没有扫码关注。转发给主号
2022-01-06 12:00:01,013 用户没有扫码关注。转发给主号
2022-01-06 12:00:01,013 用户没有扫码关注。转发给主号
2022-01-07 12:00:00,036 用户没有扫码关注。转发给主号
2022-01-07 12:00:00,037 用户没有扫码关注。转发给主号
2022-01-07 12:00:00,037 用户没有扫码关注。转发给主号
2022-01-07 12:00:00,038 用户没有扫码关注。转发给主号
2022-01-07 12:00:00,038 用户没有扫码关注。转发给主号
2022-01-07 12:00:00,038 用户没有扫码关注。转发给主号
2022-01-07 12:00:00,038 用户没有扫码关注。转发给主号
2022-01-07 12:00:00,038 用户没有扫码关注。转发给主号
2022-01-07 12:00:00,038 用户没有扫码关注。转发给主号
2022-01-07 12:00:00,038 用户没有扫码关注。转发给主号
2022-01-07 12:00:00,038 用户没有扫码关注。转发给主号
2022-01-07 12:00:00,038 用户没有扫码关注。转发给主号
2022-01-07 12:00:00,038 用户没有扫码关注。转发给主号
2022-01-07 12:00:00,038 用户没有扫码关注。转发给主号
2022-01-07 12:00:00,038 用户没有扫码关注。转发给主号
2022-01-07 12:00:00,038 用户没有扫码关注。转发给主号
2022-01-07 12:00:00,039 用户没有扫码关注。转发给主号
2022-01-07 12:00:00,039 用户没有扫码关注。转发给主号
2022-01-07 12:00:00,039 用户没有扫码关注。转发给主号
2022-01-07 12:00:00,039 用户没有扫码关注。转发给主号
2022-01-07 12:00:00,039 用户没有扫码关注。转发给主号
2022-01-07 12:00:00,039 用户没有扫码关注。转发给主号
2022-01-07 12:00:00,039 用户没有扫码关注。转发给主号
2022-01-07 12:00:00,039 用户没有扫码关注。转发给主号
2022-01-07 12:00:00,039 用户没有扫码关注。转发给主号
2022-01-07 12:00:00,039 用户没有扫码关注。转发给主号
2022-01-07 12:00:00,039 用户没有扫码关注。转发给主号
2022-01-07 12:00:00,039 用户没有扫码关注。转发给主号
2022-01-07 12:00:00,040 用户没有扫码关注。转发给主号
2022-01-07 12:00:00,040 用户没有扫码关注。转发给主号
2022-01-07 12:00:00,040 用户没有扫码关注。转发给主号
2022-01-07 12:00:00,040 用户没有扫码关注。转发给主号
2022-01-07 12:00:00,040 用户没有扫码关注。转发给主号
2022-01-07 12:00:00,040 用户没有扫码关注。转发给主号
2022-01-07 12:00:00,040 用户没有扫码关注。转发给主号
2022-01-07 12:00:00,040 用户没有扫码关注。转发给主号
2022-01-07 12:00:00,040 用户没有扫码关注。转发给主号
2022-01-07 12:00:00,040 用户没有扫码关注。转发给主号
2022-01-07 12:00:00,040 用户没有扫码关注。转发给主号
2022-01-07 12:00:00,040 用户没有扫码关注。转发给主号
2022-01-07 12:00:00,040 用户没有扫码关注。转发给主号
2022-01-07 12:00:00,040 用户没有扫码关注。转发给主号
2022-01-07 12:00:00,041 用户没有扫码关注。转发给主号
2022-01-07 12:00:00,041 用户没有扫码关注。转发给主号
2022-01-07 12:00:00,041 用户没有扫码关注。转发给主号
2022-01-07 12:00:00,041 用户没有扫码关注。转发给主号
2022-01-07 12:00:00,041 用户没有扫码关注。转发给主号
2022-01-07 12:00:00,041 用户没有扫码关注。转发给主号
2022-01-07 12:00:00,041 用户没有扫码关注。转发给主号
2022-01-07 12:00:00,041 用户没有扫码关注。转发给主号
2022-01-07 12:00:00,041 用户没有扫码关注。转发给主号
2022-01-07 12:00:00,042 用户没有扫码关注。转发给主号
2022-01-07 12:00:00,042 用户没有扫码关注。转发给主号
2022-01-07 12:00:00,042 用户没有扫码关注。转发给主号
2022-01-07 12:00:00,042 用户没有扫码关注。转发给主号
2022-01-08 12:00:00,048 用户没有扫码关注。转发给主号
2022-01-08 12:00:00,049 用户没有扫码关注。转发给主号
2022-01-08 12:00:00,049 用户没有扫码关注。转发给主号
2022-01-08 12:00:00,049 用户没有扫码关注。转发给主号
2022-01-08 12:00:00,049 用户没有扫码关注。转发给主号
2022-01-08 12:00:00,049 用户没有扫码关注。转发给主号
2022-01-08 12:00:00,049 用户没有扫码关注。转发给主号
2022-01-08 12:00:00,049 用户没有扫码关注。转发给主号
2022-01-08 12:00:00,049 用户没有扫码关注。转发给主号
2022-01-08 12:00:00,049 用户没有扫码关注。转发给主号
2022-01-08 12:00:00,049 用户没有扫码关注。转发给主号
2022-01-08 12:00:00,049 用户没有扫码关注。转发给主号
2022-01-08 12:00:00,049 用户没有扫码关注。转发给主号
2022-01-08 12:00:00,050 用户没有扫码关注。转发给主号
2022-01-08 12:00:00,050 用户没有扫码关注。转发给主号
2022-01-08 12:00:00,050 用户没有扫码关注。转发给主号
2022-01-08 12:00:00,050 用户没有扫码关注。转发给主号
2022-01-08 12:00:00,050 用户没有扫码关注。转发给主号
2022-01-08 12:00:00,050 用户没有扫码关注。转发给主号
2022-01-08 12:00:00,050 用户没有扫码关注。转发给主号
2022-01-08 12:00:00,050 用户没有扫码关注。转发给主号
2022-01-08 12:00:00,050 用户没有扫码关注。转发给主号
2022-01-08 12:00:00,050 用户没有扫码关注。转发给主号
2022-01-08 12:00:00,050 用户没有扫码关注。转发给主号
2022-01-08 12:00:00,050 用户没有扫码关注。转发给主号
2022-01-08 12:00:00,050 用户没有扫码关注。转发给主号
2022-01-08 12:00:00,050 用户没有扫码关注。转发给主号
2022-01-08 12:00:00,050 用户没有扫码关注。转发给主号
2022-01-08 12:00:00,050 用户没有扫码关注。转发给主号
2022-01-08 12:00:00,050 用户没有扫码关注。转发给主号
2022-01-08 12:00:00,050 用户没有扫码关注。转发给主号
2022-01-08 12:00:00,050 用户没有扫码关注。转发给主号
2022-01-08 12:00:00,050 用户没有扫码关注。转发给主号
2022-01-08 12:00:00,050 用户没有扫码关注。转发给主号
2022-01-08 12:00:00,050 用户没有扫码关注。转发给主号
2022-01-08 12:00:00,050 用户没有扫码关注。转发给主号
2022-01-08 12:00:00,050 用户没有扫码关注。转发给主号
2022-01-08 12:00:00,050 用户没有扫码关注。转发给主号
2022-01-08 12:00:00,050 用户没有扫码关注。转发给主号
2022-01-08 12:00:00,050 用户没有扫码关注。转发给主号
2022-01-08 12:00:00,050 用户没有扫码关注。转发给主号
2022-01-08 12:00:00,050 用户没有扫码关注。转发给主号
2022-01-08 12:00:00,050 用户没有扫码关注。转发给主号
2022-01-08 12:00:00,050 用户没有扫码关注。转发给主号
2022-01-08 12:00:00,050 用户没有扫码关注。转发给主号
2022-01-08 12:00:00,050 用户没有扫码关注。转发给主号
2022-01-08 12:00:00,050 用户没有扫码关注。转发给主号
2022-01-08 12:00:00,051 用户没有扫码关注。转发给主号
2022-01-08 12:00:00,051 用户没有扫码关注。转发给主号
2022-01-08 12:00:00,051 用户没有扫码关注。转发给主号
2022-01-08 12:00:00,051 用户没有扫码关注。转发给主号
2022-01-08 12:00:00,051 用户没有扫码关注。转发给主号
2022-01-08 12:00:00,051 用户没有扫码关注。转发给主号
2022-01-08 12:00:00,051 用户没有扫码关注。转发给主号
2022-01-08 12:00:00,051 用户没有扫码关注。转发给主号
2022-01-08 23:44:34,046     手机：18607721062 tabe 创建 时间:01/08/2022 23:44:34
2022-01-08 23:44:34,046 18607721062安全验证
2022-01-08 23:44:34,180 18607721062滑块安全验证
2022-01-08 23:44:34,209 
2022-01-08 23:44:34,217 18607721062获取到坐标 X81
2022-01-08 23:44:34,263 停顿8
2022-01-08 23:44:34,395 停顿1:771
2022-01-08 23:44:35,279 停顿2:576
2022-01-08 23:44:38,877 验证成功
2022-01-08 23:45:06,980 输入验证码160617
2022-01-08 23:45:13,376 18607721062获取到ck
2022-01-08 23:45:13,650 获取nickname
2022-01-08 23:45:14,907 获取nickname
2022-01-08 23:49:34,047     手机：18607721062 tabe 自动回收 时间:01/08/2022 23:49:34
2022-01-09 12:00:00,021 用户没有扫码关注。转发给主号
2022-01-09 12:00:00,029 用户没有扫码关注。转发给主号
2022-01-09 12:00:00,029 用户没有扫码关注。转发给主号
2022-01-09 12:00:00,029 用户没有扫码关注。转发给主号
2022-01-09 12:00:00,029 用户没有扫码关注。转发给主号
2022-01-09 12:00:00,030 用户没有扫码关注。转发给主号
2022-01-09 12:00:00,030 用户没有扫码关注。转发给主号
2022-01-09 12:00:00,030 用户没有扫码关注。转发给主号
2022-01-09 12:00:00,030 用户没有扫码关注。转发给主号
2022-01-09 12:00:00,030 用户没有扫码关注。转发给主号
2022-01-09 12:00:00,031 用户没有扫码关注。转发给主号
2022-01-09 12:00:00,031 用户没有扫码关注。转发给主号
2022-01-09 12:00:00,031 用户没有扫码关注。转发给主号
2022-01-09 12:00:00,031 用户没有扫码关注。转发给主号
2022-01-09 12:00:00,031 用户没有扫码关注。转发给主号
2022-01-09 12:00:00,031 用户没有扫码关注。转发给主号
2022-01-09 12:00:00,031 用户没有扫码关注。转发给主号
2022-01-09 12:00:00,032 用户没有扫码关注。转发给主号
2022-01-09 12:00:00,032 用户没有扫码关注。转发给主号
2022-01-09 12:00:00,032 用户没有扫码关注。转发给主号
2022-01-09 12:00:00,032 用户没有扫码关注。转发给主号
2022-01-09 12:00:00,032 用户没有扫码关注。转发给主号
2022-01-09 12:00:00,032 用户没有扫码关注。转发给主号
2022-01-09 12:00:00,033 用户没有扫码关注。转发给主号
2022-01-09 12:00:00,033 用户没有扫码关注。转发给主号
2022-01-09 12:00:00,033 用户没有扫码关注。转发给主号
2022-01-09 12:00:00,033 用户没有扫码关注。转发给主号
2022-01-09 12:00:00,033 用户没有扫码关注。转发给主号
2022-01-09 12:00:00,033 用户没有扫码关注。转发给主号
2022-01-09 12:00:00,033 用户没有扫码关注。转发给主号
2022-01-09 12:00:00,034 用户没有扫码关注。转发给主号
2022-01-09 12:00:00,037 用户没有扫码关注。转发给主号
2022-01-09 12:00:00,037 用户没有扫码关注。转发给主号
2022-01-09 12:00:00,037 用户没有扫码关注。转发给主号
2022-01-09 12:00:00,037 用户没有扫码关注。转发给主号
2022-01-09 12:00:00,037 用户没有扫码关注。转发给主号
2022-01-09 12:00:00,038 用户没有扫码关注。转发给主号
2022-01-09 12:00:00,038 用户没有扫码关注。转发给主号
2022-01-09 12:00:00,038 用户没有扫码关注。转发给主号
2022-01-09 12:00:00,038 用户没有扫码关注。转发给主号
2022-01-09 12:00:00,039 用户没有扫码关注。转发给主号
2022-01-09 12:00:00,039 用户没有扫码关注。转发给主号
2022-01-09 12:00:00,039 用户没有扫码关注。转发给主号
2022-01-09 12:00:00,039 用户没有扫码关注。转发给主号
2022-01-09 12:00:00,039 用户没有扫码关注。转发给主号
2022-01-09 12:00:00,039 用户没有扫码关注。转发给主号
2022-01-09 12:00:00,040 用户没有扫码关注。转发给主号
2022-01-09 12:00:00,040 用户没有扫码关注。转发给主号
2022-01-09 12:00:00,040 用户没有扫码关注。转发给主号
2022-01-09 12:00:00,040 用户没有扫码关注。转发给主号
2022-01-09 12:00:00,040 用户没有扫码关注。转发给主号
2022-01-09 12:00:00,041 用户没有扫码关注。转发给主号
2022-01-09 12:00:00,041 用户没有扫码关注。转发给主号
2022-01-09 12:00:00,041 用户没有扫码关注。转发给主号
2022-01-09 13:10:47,298 System.Exception: 配置有误获取token失败
   at Systems.Qlconfig.GetToken() in E:\03工作源码\NETJDC\Systems\MainConfig.cs:line 467
   at Systems.Qlconfig.GetEnv(String searchValue) in E:\03工作源码\NETJDC\Systems\MainConfig.cs:line 498
   at Systems.Qlconfig.GetEnvsCount(String searchValue) in E:\03工作源码\NETJDC\Systems\MainConfig.cs:line 507
   at NETJDC.Controllers.CloudController.Config() in E:\03工作源码\NETJDC\NETJDC\Controllers\CloudController.cs:line 91
   at Microsoft.AspNetCore.Mvc.Infrastructure.ActionMethodExecutor.TaskOfIActionResultExecutor.Execute(IActionResultTypeMapper mapper, ObjectMethodExecutor executor, Object controller, Object[] arguments)
   at Microsoft.AspNetCore.Mvc.Infrastructure.ControllerActionInvoker.<InvokeActionMethodAsync>g__Awaited|12_0(ControllerActionInvoker invoker, ValueTask`1 actionResultValueTask)
   at Microsoft.AspNetCore.Mvc.Infrastructure.ControllerActionInvoker.<InvokeNextActionFilterAsync>g__Awaited|10_0(ControllerActionInvoker invoker, Task lastTask, State next, Scope scope, Object state, Boolean isCompleted)
   at Microsoft.AspNetCore.Mvc.Infrastructure.ControllerActionInvoker.Rethrow(ActionExecutedContextSealed context)
   at Microsoft.AspNetCore.Mvc.Infrastructure.ControllerActionInvoker.Next(State& next, Scope& scope, Object& state, Boolean& isCompleted)
   at Microsoft.AspNetCore.Mvc.Infrastructure.ControllerActionInvoker.<InvokeInnerFilterAsync>g__Awaited|13_0(ControllerActionInvoker invoker, Task lastTask, State next, Scope scope, Object state, Boolean isCompleted)
   at Microsoft.AspNetCore.Mvc.Infrastructure.ResourceInvoker.<InvokeNextExceptionFilterAsync>g__Awaited|25_0(ResourceInvoker invoker, Task lastTask, State next, Scope scope, Object state, Boolean isCompleted)
2022-01-09 13:57:35,634                  ,--.                     ,---._                           
2022-01-09 13:57:35,644                ,--.'|                   .-- -.' \     ,---,      ,----..   
2022-01-09 13:57:35,644            ,--,:  : |       ,---.       |    |   :  .'  .' `\   /   /   \  
2022-01-09 13:57:35,644         ,`--.'`|  ' :      /__./|       :    ;   |,---.'     \ |   :     : 
2022-01-09 13:57:35,644         |   :  :  | | ,---.;  ; |       :        ||   |  .`\  |.   |  ;. / 
2022-01-09 13:57:35,644         :   |   \ | :/___/ \  | |       |    :   ::   : |  '  |.   ; /--`  
2022-01-09 13:57:35,644         |   : '  '; |\   ;  \ ' |       :         |   ' '  ;  :;   | ;     
2022-01-09 13:57:35,644         '   ' ;.    ; \   \  \: |       |    ;   |'   | ;  .  ||   : |     
2022-01-09 13:57:35,644         |   | | \   |  ;   \  ' .   ___ l         |   | :  |  '.   | '___  
2022-01-09 13:57:35,644         '   : |  ; .'   \   \   ' /    /\    J   :'   : | /  ; '   ; : .'| 
2022-01-09 13:57:35,644         |   | '`--'      \   `  ;/  ../  `..-    ,|   | '` ,/  '   | '/  : 
2022-01-09 13:57:35,644         '   : |           :   \ |\    \         ; ;   :  .'    |   :    /  
2022-01-09 13:57:35,644         ;   |.'            '---'' \    \       ,' |   ,.'      \   \ .'   
2022-01-09 13:57:35,644         '---'                      '-- - ....--'  '-- '         `---`     
2022-01-09 13:57:35,644 
2022-01-09 13:57:35,644 
2022-01-09 13:57:35,644                                                                      Version:2.3
2022-01-09 13:57:35,644 
2022-01-09 13:57:35,644 
2022-01-09 13:57:35,644                                                                      By Nolan  
2022-01-09 13:57:35,644 
2022-01-09 13:57:35,644 -------------------------------------------------------------------------------------
2022-01-09 13:57:35,644 
2022-01-09 13:57:35,670 序列号:03000200-0400-0500-0006-000700080009

2022-01-09 13:57:35,670 Running on Linux!
2022-01-09 13:57:35,670 系统架构：X64
2022-01-09 13:57:35,671 系统名称：Linux 5.4.162 #0 SMP Fri Dec 31 06:46:23 2021
2022-01-09 13:57:35,671 进程架构：X64
2022-01-09 13:57:35,671 是否64位操作系统：True
2022-01-09 13:57:35,671 -------------------------------------------------------------------------------------
2022-01-09 13:57:35,671 初始化项目
2022-01-09 13:57:35,671 -------------------------------------------------------------------------------------
2022-01-09 13:57:35,671 第一次运行会下载Chromium,后续只是检查是否下载
2022-01-09 13:57:35,671 检查中....
2022-01-09 13:57:35,705 True
2022-01-09 13:57:35,707 程序配置自检 
2022-01-09 13:57:35,707 如果报错请检查配置或者检查配置是否挂载
2022-01-09 13:57:35,714 上传模式：ql
2022-01-09 13:57:35,714 回收时间：5分钟
2022-01-09 13:57:35,714 自动滑块：5
2022-01-09 13:57:35,714 
2022-01-09 13:57:35,715 
2022-01-09 13:57:35,715 浏览器自检
2022-01-09 13:57:35,715 -------------------------------------------------------------------------------------
2022-01-09 13:57:42,458 页面文字京东登录注册+86获取验证码登 录账号密码登录手机快速注册其他登录方式QQ 微信 若您输入的手机号未注册，将为您直接注册，注册即视为同意 京东用户注册协议 、 用户隐私政策
2022-01-09 13:57:42,458 关闭页面
2022-01-09 13:57:42,527 浏览器关闭
2022-01-09 13:57:42,527 浏览器自检成功
2022-01-09 13:57:42,527 浏览器打开时间：6.812
2022-01-09 13:57:42,528 -------------------------------------------------------------------------------------
2022-01-09 13:57:42,528 检查成功
2022-01-09 13:57:43,032 NETJDC started
2022-01-09 13:58:13,144 System.Exception: 配置有误获取token失败
   at Systems.Qlconfig.GetToken() in E:\03工作源码\NETJDC\Systems\MainConfig.cs:line 464
   at Systems.Qlconfig.GetEnv(String searchValue) in E:\03工作源码\NETJDC\Systems\MainConfig.cs:line 472
   at Systems.Qlconfig.GetEnvsCount(String searchValue) in E:\03工作源码\NETJDC\Systems\MainConfig.cs:line 501
   at NETJDC.Controllers.CloudController.Config() in E:\03工作源码\NETJDC\NETJDC\Controllers\CloudController.cs:line 74
   at Microsoft.AspNetCore.Mvc.Infrastructure.ActionMethodExecutor.TaskOfIActionResultExecutor.Execute(IActionResultTypeMapper mapper, ObjectMethodExecutor executor, Object controller, Object[] arguments)
   at Microsoft.AspNetCore.Mvc.Infrastructure.ControllerActionInvoker.<InvokeActionMethodAsync>g__Awaited|12_0(ControllerActionInvoker invoker, ValueTask`1 actionResultValueTask)
   at Microsoft.AspNetCore.Mvc.Infrastructure.ControllerActionInvoker.<InvokeNextActionFilterAsync>g__Awaited|10_0(ControllerActionInvoker invoker, Task lastTask, State next, Scope scope, Object state, Boolean isCompleted)
   at Microsoft.AspNetCore.Mvc.Infrastructure.ControllerActionInvoker.Rethrow(ActionExecutedContextSealed context)
   at Microsoft.AspNetCore.Mvc.Infrastructure.ControllerActionInvoker.Next(State& next, Scope& scope, Object& state, Boolean& isCompleted)
   at Microsoft.AspNetCore.Mvc.Infrastructure.ControllerActionInvoker.<InvokeInnerFilterAsync>g__Awaited|13_0(ControllerActionInvoker invoker, Task lastTask, State next, Scope scope, Object state, Boolean isCompleted)
   at Microsoft.AspNetCore.Mvc.Infrastructure.ResourceInvoker.<InvokeNextExceptionFilterAsync>g__Awaited|25_0(ResourceInvoker invoker, Task lastTask, State next, Scope scope, Object state, Boolean isCompleted)
2022-01-09 13:58:33,884 System.Exception: 配置有误获取token失败
   at Systems.Qlconfig.GetToken() in E:\03工作源码\NETJDC\Systems\MainConfig.cs:line 464
   at Systems.Qlconfig.GetEnv(String searchValue) in E:\03工作源码\NETJDC\Systems\MainConfig.cs:line 472
   at Systems.Qlconfig.GetEnvsCount(String searchValue) in E:\03工作源码\NETJDC\Systems\MainConfig.cs:line 501
   at NETJDC.Controllers.CloudController.Config() in E:\03工作源码\NETJDC\NETJDC\Controllers\CloudController.cs:line 74
   at Microsoft.AspNetCore.Mvc.Infrastructure.ActionMethodExecutor.TaskOfIActionResultExecutor.Execute(IActionResultTypeMapper mapper, ObjectMethodExecutor executor, Object controller, Object[] arguments)
   at Microsoft.AspNetCore.Mvc.Infrastructure.ControllerActionInvoker.<InvokeActionMethodAsync>g__Awaited|12_0(ControllerActionInvoker invoker, ValueTask`1 actionResultValueTask)
   at Microsoft.AspNetCore.Mvc.Infrastructure.ControllerActionInvoker.<InvokeNextActionFilterAsync>g__Awaited|10_0(ControllerActionInvoker invoker, Task lastTask, State next, Scope scope, Object state, Boolean isCompleted)
   at Microsoft.AspNetCore.Mvc.Infrastructure.ControllerActionInvoker.Rethrow(ActionExecutedContextSealed context)
   at Microsoft.AspNetCore.Mvc.Infrastructure.ControllerActionInvoker.Next(State& next, Scope& scope, Object& state, Boolean& isCompleted)
   at Microsoft.AspNetCore.Mvc.Infrastructure.ControllerActionInvoker.<InvokeInnerFilterAsync>g__Awaited|13_0(ControllerActionInvoker invoker, Task lastTask, State next, Scope scope, Object state, Boolean isCompleted)
   at Microsoft.AspNetCore.Mvc.Infrastructure.ResourceInvoker.<InvokeNextExceptionFilterAsync>g__Awaited|25_0(ResourceInvoker invoker, Task lastTask, State next, Scope scope, Object state, Boolean isCompleted)
2022-01-09 14:00:19,344                  ,--.                     ,---._                           
2022-01-09 14:00:19,359                ,--.'|                   .-- -.' \     ,---,      ,----..   
2022-01-09 14:00:19,359            ,--,:  : |       ,---.       |    |   :  .'  .' `\   /   /   \  
2022-01-09 14:00:19,359         ,`--.'`|  ' :      /__./|       :    ;   |,---.'     \ |   :     : 
2022-01-09 14:00:19,359         |   :  :  | | ,---.;  ; |       :        ||   |  .`\  |.   |  ;. / 
2022-01-09 14:00:19,359         :   |   \ | :/___/ \  | |       |    :   ::   : |  '  |.   ; /--`  
2022-01-09 14:00:19,359         |   : '  '; |\   ;  \ ' |       :         |   ' '  ;  :;   | ;     
2022-01-09 14:00:19,359         '   ' ;.    ; \   \  \: |       |    ;   |'   | ;  .  ||   : |     
2022-01-09 14:00:19,359         |   | | \   |  ;   \  ' .   ___ l         |   | :  |  '.   | '___  
2022-01-09 14:00:19,359         '   : |  ; .'   \   \   ' /    /\    J   :'   : | /  ; '   ; : .'| 
2022-01-09 14:00:19,359         |   | '`--'      \   `  ;/  ../  `..-    ,|   | '` ,/  '   | '/  : 
2022-01-09 14:00:19,359         '   : |           :   \ |\    \         ; ;   :  .'    |   :    /  
2022-01-09 14:00:19,359         ;   |.'            '---'' \    \       ,' |   ,.'      \   \ .'   
2022-01-09 14:00:19,359         '---'                      '-- - ....--'  '-- '         `---`     
2022-01-09 14:00:19,359 
2022-01-09 14:00:19,359 
2022-01-09 14:00:19,360                                                                      Version:2.3
2022-01-09 14:00:19,360 
2022-01-09 14:00:19,360 
2022-01-09 14:00:19,360                                                                      By Nolan  
2022-01-09 14:00:19,360 
2022-01-09 14:00:19,360 -------------------------------------------------------------------------------------
2022-01-09 14:00:19,360 
2022-01-09 14:00:19,371 序列号:03000200-0400-0500-0006-000700080009

2022-01-09 14:00:19,371 Running on Linux!
2022-01-09 14:00:19,372 系统架构：X64
2022-01-09 14:00:19,372 系统名称：Linux 5.4.162 #0 SMP Fri Dec 31 06:46:23 2021
2022-01-09 14:00:19,372 进程架构：X64
2022-01-09 14:00:19,372 是否64位操作系统：True
2022-01-09 14:00:19,372 -------------------------------------------------------------------------------------
2022-01-09 14:00:19,372 初始化项目
2022-01-09 14:00:19,372 -------------------------------------------------------------------------------------
2022-01-09 14:00:19,372 第一次运行会下载Chromium,后续只是检查是否下载
2022-01-09 14:00:19,372 检查中....
2022-01-09 14:00:19,402 True
2022-01-09 14:00:19,405 程序配置自检 
2022-01-09 14:00:19,405 如果报错请检查配置或者检查配置是否挂载
2022-01-09 14:00:19,411 上传模式：ql
2022-01-09 14:00:19,411 回收时间：5分钟
2022-01-09 14:00:19,411 自动滑块：5
2022-01-09 14:00:19,411 
2022-01-09 14:00:19,411 
2022-01-09 14:00:19,411 浏览器自检
2022-01-09 14:00:19,411 -------------------------------------------------------------------------------------
2022-01-09 14:00:25,595 页面文字京东登录注册+86获取验证码登 录账号密码登录手机快速注册其他登录方式QQ 微信 若您输入的手机号未注册，将为您直接注册，注册即视为同意 京东用户注册协议 、 用户隐私政策
2022-01-09 14:00:25,595 关闭页面
2022-01-09 14:00:25,675 浏览器关闭
2022-01-09 14:00:25,676 浏览器自检成功
2022-01-09 14:00:25,676 浏览器打开时间：6.264
2022-01-09 14:00:25,676 -------------------------------------------------------------------------------------
2022-01-09 14:00:25,676 检查成功
2022-01-09 14:00:26,164 NETJDC started
2022-01-09 14:00:53,194     手机：18607721068 tabe 创建 时间:01/09/2022 14:00:53
2022-01-09 14:00:53,195 18607721068安全验证
2022-01-09 14:00:53,314 18607721068滑块安全验证
2022-01-09 14:00:53,402 
2022-01-09 14:00:53,603 18607721068获取到坐标 X131
2022-01-09 14:00:53,696 停顿8
2022-01-09 14:00:53,843 停顿1:948
2022-01-09 14:00:54,910 停顿2:628
2022-01-09 14:00:58,589 验证成功
2022-01-09 14:01:17,246 输入验证码314162
2022-01-09 14:01:20,996 18607721068获取到ck
2022-01-09 14:01:21,476 获取nickname
2022-01-09 14:01:22,728 获取nickname
2022-01-09 14:05:53,200     手机：18607721068 tabe 自动回收 时间:01/09/2022 14:05:53
2022-01-10 12:00:00,029 用户没有扫码关注。转发给主号
2022-01-10 12:00:00,034 用户没有扫码关注。转发给主号
2022-01-10 12:00:00,034 用户没有扫码关注。转发给主号
2022-01-10 12:00:00,034 用户没有扫码关注。转发给主号
2022-01-10 12:00:00,034 用户没有扫码关注。转发给主号
2022-01-10 12:00:00,034 用户没有扫码关注。转发给主号
2022-01-10 12:00:00,034 用户没有扫码关注。转发给主号
2022-01-10 12:00:00,034 用户没有扫码关注。转发给主号
2022-01-10 12:00:00,034 用户没有扫码关注。转发给主号
2022-01-10 12:00:00,034 用户没有扫码关注。转发给主号
2022-01-10 12:00:00,034 用户没有扫码关注。转发给主号
2022-01-10 12:00:00,034 用户没有扫码关注。转发给主号
2022-01-10 12:00:00,035 用户没有扫码关注。转发给主号
2022-01-10 12:00:00,035 用户没有扫码关注。转发给主号
2022-01-10 12:00:00,035 用户没有扫码关注。转发给主号
2022-01-10 12:00:00,035 用户没有扫码关注。转发给主号
2022-01-10 12:00:00,035 用户没有扫码关注。转发给主号
2022-01-10 12:00:00,035 用户没有扫码关注。转发给主号
2022-01-10 12:00:00,035 用户没有扫码关注。转发给主号
2022-01-10 12:00:00,035 用户没有扫码关注。转发给主号
2022-01-10 12:00:00,035 用户没有扫码关注。转发给主号
2022-01-10 12:00:00,035 用户没有扫码关注。转发给主号
2022-01-10 12:00:00,036 用户没有扫码关注。转发给主号
2022-01-10 12:00:00,036 用户没有扫码关注。转发给主号
2022-01-10 12:00:00,036 用户没有扫码关注。转发给主号
2022-01-10 12:00:00,036 用户没有扫码关注。转发给主号
2022-01-10 12:00:00,036 用户没有扫码关注。转发给主号
2022-01-10 12:00:00,036 用户没有扫码关注。转发给主号
2022-01-10 12:00:00,036 用户没有扫码关注。转发给主号
2022-01-10 12:00:00,036 用户没有扫码关注。转发给主号
2022-01-10 12:00:00,036 用户没有扫码关注。转发给主号
2022-01-10 12:00:00,036 用户没有扫码关注。转发给主号
2022-01-10 12:00:00,036 用户没有扫码关注。转发给主号
2022-01-10 12:00:00,036 用户没有扫码关注。转发给主号
2022-01-10 12:00:00,036 用户没有扫码关注。转发给主号
2022-01-10 12:00:00,036 用户没有扫码关注。转发给主号
2022-01-10 12:00:00,036 用户没有扫码关注。转发给主号
2022-01-10 12:00:00,036 用户没有扫码关注。转发给主号
2022-01-10 12:00:00,037 用户没有扫码关注。转发给主号
2022-01-10 12:00:00,037 用户没有扫码关注。转发给主号
2022-01-10 12:00:00,037 用户没有扫码关注。转发给主号
2022-01-10 12:00:00,037 用户没有扫码关注。转发给主号
2022-01-10 12:00:00,037 用户没有扫码关注。转发给主号
2022-01-10 12:00:00,037 用户没有扫码关注。转发给主号
2022-01-10 12:00:00,037 用户没有扫码关注。转发给主号
2022-01-10 12:00:00,037 用户没有扫码关注。转发给主号
2022-01-10 12:00:00,037 用户没有扫码关注。转发给主号
2022-01-10 12:00:00,037 用户没有扫码关注。转发给主号
2022-01-10 12:00:00,037 用户没有扫码关注。转发给主号
2022-01-10 12:00:00,037 用户没有扫码关注。转发给主号
2022-01-10 12:00:00,037 用户没有扫码关注。转发给主号
2022-01-10 12:00:00,037 用户没有扫码关注。转发给主号
2022-01-10 12:00:00,037 用户没有扫码关注。转发给主号
2022-01-10 12:00:00,038 用户没有扫码关注。转发给主号
2022-01-10 12:00:00,038 用户没有扫码关注。转发给主号
2022-01-11 12:00:00,016 用户没有扫码关注。转发给主号
2022-01-11 12:00:00,019 用户没有扫码关注。转发给主号
2022-01-11 12:00:00,019 用户没有扫码关注。转发给主号
2022-01-11 12:00:00,019 用户没有扫码关注。转发给主号
2022-01-11 12:00:00,020 用户没有扫码关注。转发给主号
2022-01-11 12:00:00,020 用户没有扫码关注。转发给主号
2022-01-11 12:00:00,020 用户没有扫码关注。转发给主号
2022-01-11 12:00:00,020 用户没有扫码关注。转发给主号
2022-01-11 12:00:00,020 用户没有扫码关注。转发给主号
2022-01-11 12:00:00,020 用户没有扫码关注。转发给主号
2022-01-11 12:00:00,020 用户没有扫码关注。转发给主号
2022-01-11 12:00:00,020 用户没有扫码关注。转发给主号
2022-01-11 12:00:00,020 用户没有扫码关注。转发给主号
2022-01-11 12:00:00,020 用户没有扫码关注。转发给主号
2022-01-11 12:00:00,020 用户没有扫码关注。转发给主号
2022-01-11 12:00:00,020 用户没有扫码关注。转发给主号
2022-01-11 12:00:00,020 用户没有扫码关注。转发给主号
2022-01-11 12:00:00,020 用户没有扫码关注。转发给主号
2022-01-11 12:00:00,020 用户没有扫码关注。转发给主号
2022-01-11 12:00:00,020 用户没有扫码关注。转发给主号
2022-01-11 12:00:00,020 用户没有扫码关注。转发给主号
2022-01-11 12:00:00,020 用户没有扫码关注。转发给主号
2022-01-11 12:00:00,020 用户没有扫码关注。转发给主号
2022-01-11 12:00:00,020 用户没有扫码关注。转发给主号
2022-01-11 12:00:00,021 用户没有扫码关注。转发给主号
2022-01-11 12:00:00,021 用户没有扫码关注。转发给主号
2022-01-11 12:00:00,021 用户没有扫码关注。转发给主号
2022-01-11 12:00:00,021 用户没有扫码关注。转发给主号
2022-01-11 12:00:00,021 用户没有扫码关注。转发给主号
2022-01-11 12:00:00,021 用户没有扫码关注。转发给主号
2022-01-11 12:00:00,021 用户没有扫码关注。转发给主号
2022-01-11 12:00:00,021 用户没有扫码关注。转发给主号
2022-01-11 12:00:00,021 用户没有扫码关注。转发给主号
2022-01-11 12:00:00,021 用户没有扫码关注。转发给主号
2022-01-11 12:00:00,021 用户没有扫码关注。转发给主号
2022-01-11 12:00:00,021 用户没有扫码关注。转发给主号
2022-01-11 12:00:00,021 用户没有扫码关注。转发给主号
2022-01-11 12:00:00,021 用户没有扫码关注。转发给主号
2022-01-11 12:00:00,021 用户没有扫码关注。转发给主号
2022-01-11 12:00:00,021 用户没有扫码关注。转发给主号
2022-01-11 12:00:00,021 用户没有扫码关注。转发给主号
2022-01-11 12:00:00,021 用户没有扫码关注。转发给主号
2022-01-11 12:00:00,021 用户没有扫码关注。转发给主号
2022-01-11 12:00:00,021 用户没有扫码关注。转发给主号
2022-01-11 12:00:00,021 用户没有扫码关注。转发给主号
2022-01-11 12:00:00,021 用户没有扫码关注。转发给主号
2022-01-11 12:00:00,021 用户没有扫码关注。转发给主号
2022-01-11 12:00:00,021 用户没有扫码关注。转发给主号
2022-01-11 12:00:00,021 用户没有扫码关注。转发给主号
2022-01-11 12:00:00,021 用户没有扫码关注。转发给主号
2022-01-11 12:00:00,021 用户没有扫码关注。转发给主号
2022-01-11 12:00:00,021 用户没有扫码关注。转发给主号
2022-01-11 12:00:00,021 用户没有扫码关注。转发给主号
2022-01-11 12:00:00,021 用户没有扫码关注。转发给主号
2022-01-11 12:00:00,021 用户没有扫码关注。转发给主号
2022-01-11 16:56:47,097 System.Exception: 配置有误获取token失败
   at Systems.Qlconfig.GetToken() in E:\03工作源码\NETJDC\Systems\MainConfig.cs:line 467
   at Systems.Qlconfig.GetEnv(String searchValue) in E:\03工作源码\NETJDC\Systems\MainConfig.cs:line 498
   at Systems.Qlconfig.GetEnvsWSKEYCount(String searchValue) in E:\03工作源码\NETJDC\Systems\MainConfig.cs:line 510
   at NETJDC.Controllers.CloudController.Config() in E:\03工作源码\NETJDC\NETJDC\Controllers\CloudController.cs:line 75
   at Microsoft.AspNetCore.Mvc.Infrastructure.ActionMethodExecutor.TaskOfIActionResultExecutor.Execute(IActionResultTypeMapper mapper, ObjectMethodExecutor executor, Object controller, Object[] arguments)
   at Microsoft.AspNetCore.Mvc.Infrastructure.ControllerActionInvoker.<InvokeActionMethodAsync>g__Awaited|12_0(ControllerActionInvoker invoker, ValueTask`1 actionResultValueTask)
   at Microsoft.AspNetCore.Mvc.Infrastructure.ControllerActionInvoker.<InvokeNextActionFilterAsync>g__Awaited|10_0(ControllerActionInvoker invoker, Task lastTask, State next, Scope scope, Object state, Boolean isCompleted)
   at Microsoft.AspNetCore.Mvc.Infrastructure.ControllerActionInvoker.Rethrow(ActionExecutedContextSealed context)
   at Microsoft.AspNetCore.Mvc.Infrastructure.ControllerActionInvoker.Next(State& next, Scope& scope, Object& state, Boolean& isCompleted)
   at Microsoft.AspNetCore.Mvc.Infrastructure.ControllerActionInvoker.<InvokeInnerFilterAsync>g__Awaited|13_0(ControllerActionInvoker invoker, Task lastTask, State next, Scope scope, Object state, Boolean isCompleted)
   at Microsoft.AspNetCore.Mvc.Infrastructure.ResourceInvoker.<InvokeNextExceptionFilterAsync>g__Awaited|25_0(ResourceInvoker invoker, Task lastTask, State next, Scope scope, Object state, Boolean isCompleted)
2022-01-11 16:57:37,792                  ,--.                     ,---._                           
2022-01-11 16:57:37,812                ,--.'|                   .-- -.' \     ,---,      ,----..   
2022-01-11 16:57:37,813            ,--,:  : |       ,---.       |    |   :  .'  .' `\   /   /   \  
2022-01-11 16:57:37,813         ,`--.'`|  ' :      /__./|       :    ;   |,---.'     \ |   :     : 
2022-01-11 16:57:37,813         |   :  :  | | ,---.;  ; |       :        ||   |  .`\  |.   |  ;. / 
2022-01-11 16:57:37,813         :   |   \ | :/___/ \  | |       |    :   ::   : |  '  |.   ; /--`  
2022-01-11 16:57:37,813         |   : '  '; |\   ;  \ ' |       :         |   ' '  ;  :;   | ;     
2022-01-11 16:57:37,813         '   ' ;.    ; \   \  \: |       |    ;   |'   | ;  .  ||   : |     
2022-01-11 16:57:37,813         |   | | \   |  ;   \  ' .   ___ l         |   | :  |  '.   | '___  
2022-01-11 16:57:37,813         '   : |  ; .'   \   \   ' /    /\    J   :'   : | /  ; '   ; : .'| 
2022-01-11 16:57:37,813         |   | '`--'      \   `  ;/  ../  `..-    ,|   | '` ,/  '   | '/  : 
2022-01-11 16:57:37,813         '   : |           :   \ |\    \         ; ;   :  .'    |   :    /  
2022-01-11 16:57:37,813         ;   |.'            '---'' \    \       ,' |   ,.'      \   \ .'   
2022-01-11 16:57:37,813         '---'                      '-- - ....--'  '-- '         `---`     
2022-01-11 16:57:37,813 
2022-01-11 16:57:37,813 
2022-01-11 16:57:37,813                                                                      Version:2.3
2022-01-11 16:57:37,813 
2022-01-11 16:57:37,813 
2022-01-11 16:57:37,813                                                                      By Nolan  
2022-01-11 16:57:37,813 
2022-01-11 16:57:37,814 -------------------------------------------------------------------------------------
2022-01-11 16:57:37,814 
2022-01-11 16:57:37,842 序列号:03000200-0400-0500-0006-000700080009

2022-01-11 16:57:37,842 Running on Linux!
2022-01-11 16:57:37,843 系统架构：X64
2022-01-11 16:57:37,843 系统名称：Linux 5.4.162 #0 SMP Fri Dec 31 06:46:23 2021
2022-01-11 16:57:37,843 进程架构：X64
2022-01-11 16:57:37,843 是否64位操作系统：True
2022-01-11 16:57:37,843 -------------------------------------------------------------------------------------
2022-01-11 16:57:37,843 初始化项目
2022-01-11 16:57:37,843 -------------------------------------------------------------------------------------
2022-01-11 16:57:37,843 第一次运行会下载Chromium,后续只是检查是否下载
2022-01-11 16:57:37,844 检查中....
2022-01-11 16:57:37,879 True
2022-01-11 16:57:37,882 程序配置自检 
2022-01-11 16:57:37,882 如果报错请检查配置或者检查配置是否挂载
2022-01-11 16:57:37,888 上传模式：ql
2022-01-11 16:57:37,888 回收时间：5分钟
2022-01-11 16:57:37,889 自动滑块：5
2022-01-11 16:57:37,889 
2022-01-11 16:57:37,889 
2022-01-11 16:57:37,889 浏览器自检
2022-01-11 16:57:37,889 -------------------------------------------------------------------------------------
2022-01-11 16:57:46,438 页面文字京东登录注册+86获取验证码登 录账号密码登录手机快速注册其他登录方式QQ 微信 若您输入的手机号未注册，将为您直接注册，注册即视为同意 京东用户注册协议 、 用户隐私政策
2022-01-11 16:57:46,439 关闭页面
2022-01-11 16:57:46,552 浏览器关闭
2022-01-11 16:57:46,552 浏览器自检成功
2022-01-11 16:57:46,552 浏览器打开时间：8.662
2022-01-11 16:57:46,552 -------------------------------------------------------------------------------------
2022-01-11 16:57:46,552 检查成功
2022-01-11 16:57:47,189 NETJDC started
2022-01-12 12:00:00,031 用户没有扫码关注。转发给主号
2022-01-12 12:00:00,035 用户没有扫码关注。转发给主号
2022-01-12 12:00:00,035 用户没有扫码关注。转发给主号
2022-01-12 12:00:00,035 用户没有扫码关注。转发给主号
2022-01-12 12:00:00,035 用户没有扫码关注。转发给主号
2022-01-12 12:00:00,035 用户没有扫码关注。转发给主号
2022-01-12 12:00:00,035 用户没有扫码关注。转发给主号
2022-01-12 12:00:00,035 用户没有扫码关注。转发给主号
2022-01-12 12:00:00,035 用户没有扫码关注。转发给主号
2022-01-12 12:00:00,036 用户没有扫码关注。转发给主号
2022-01-12 12:00:00,036 用户没有扫码关注。转发给主号
2022-01-12 12:00:00,036 用户没有扫码关注。转发给主号
2022-01-12 12:00:00,036 用户没有扫码关注。转发给主号
2022-01-12 12:00:00,036 用户没有扫码关注。转发给主号
2022-01-12 12:00:00,036 用户没有扫码关注。转发给主号
2022-01-12 12:00:00,036 用户没有扫码关注。转发给主号
2022-01-12 12:00:00,036 用户没有扫码关注。转发给主号
2022-01-12 12:00:00,036 用户没有扫码关注。转发给主号
2022-01-12 12:00:00,036 用户没有扫码关注。转发给主号
2022-01-12 12:00:00,036 用户没有扫码关注。转发给主号
2022-01-12 12:00:00,036 用户没有扫码关注。转发给主号
2022-01-12 12:00:00,036 用户没有扫码关注。转发给主号
2022-01-12 12:00:00,036 用户没有扫码关注。转发给主号
2022-01-12 12:00:00,036 用户没有扫码关注。转发给主号
2022-01-12 12:00:00,036 用户没有扫码关注。转发给主号
2022-01-12 12:00:00,036 用户没有扫码关注。转发给主号
2022-01-12 12:00:00,036 用户没有扫码关注。转发给主号
2022-01-12 12:00:00,036 用户没有扫码关注。转发给主号
2022-01-12 12:00:00,036 用户没有扫码关注。转发给主号
2022-01-12 12:00:00,036 用户没有扫码关注。转发给主号
2022-01-12 12:00:00,036 用户没有扫码关注。转发给主号
2022-01-12 12:00:00,036 用户没有扫码关注。转发给主号
2022-01-12 12:00:00,036 用户没有扫码关注。转发给主号
2022-01-12 12:00:00,036 用户没有扫码关注。转发给主号
2022-01-12 12:00:00,036 用户没有扫码关注。转发给主号
2022-01-12 12:00:00,036 用户没有扫码关注。转发给主号
2022-01-12 12:00:00,036 用户没有扫码关注。转发给主号
2022-01-12 12:00:00,036 用户没有扫码关注。转发给主号
2022-01-12 12:00:00,036 用户没有扫码关注。转发给主号
2022-01-12 12:00:00,036 用户没有扫码关注。转发给主号
2022-01-12 12:00:00,037 用户没有扫码关注。转发给主号
2022-01-12 12:00:00,037 用户没有扫码关注。转发给主号
2022-01-12 12:00:00,037 用户没有扫码关注。转发给主号
2022-01-13 12:00:01,026 用户没有扫码关注。转发给主号
2022-01-13 12:00:01,030 用户没有扫码关注。转发给主号
2022-01-13 12:00:01,030 用户没有扫码关注。转发给主号
2022-01-13 12:00:01,030 用户没有扫码关注。转发给主号
2022-01-13 12:00:01,030 用户没有扫码关注。转发给主号
2022-01-13 12:00:01,031 用户没有扫码关注。转发给主号
2022-01-13 12:00:01,031 用户没有扫码关注。转发给主号
2022-01-13 12:00:01,031 用户没有扫码关注。转发给主号
2022-01-13 12:00:01,031 用户没有扫码关注。转发给主号
2022-01-13 12:00:01,031 用户没有扫码关注。转发给主号
2022-01-13 12:00:01,031 用户没有扫码关注。转发给主号
2022-01-13 12:00:01,031 用户没有扫码关注。转发给主号
2022-01-13 12:00:01,031 用户没有扫码关注。转发给主号
2022-01-13 12:00:01,031 用户没有扫码关注。转发给主号
2022-01-13 12:00:01,031 用户没有扫码关注。转发给主号
2022-01-13 12:00:01,031 用户没有扫码关注。转发给主号
2022-01-13 12:00:01,031 用户没有扫码关注。转发给主号
2022-01-13 12:00:01,031 用户没有扫码关注。转发给主号
2022-01-13 12:00:01,031 用户没有扫码关注。转发给主号
2022-01-13 12:00:01,032 用户没有扫码关注。转发给主号
2022-01-13 12:00:01,032 用户没有扫码关注。转发给主号
2022-01-13 12:00:01,032 用户没有扫码关注。转发给主号
2022-01-13 12:00:01,032 用户没有扫码关注。转发给主号
2022-01-13 12:00:01,032 用户没有扫码关注。转发给主号
2022-01-13 12:00:01,032 用户没有扫码关注。转发给主号
2022-01-13 12:00:01,032 用户没有扫码关注。转发给主号
2022-01-13 12:00:01,032 用户没有扫码关注。转发给主号
2022-01-13 12:00:01,032 用户没有扫码关注。转发给主号
2022-01-13 12:00:01,032 用户没有扫码关注。转发给主号
2022-01-13 12:00:01,033 用户没有扫码关注。转发给主号
2022-01-13 12:00:01,033 用户没有扫码关注。转发给主号
2022-01-13 12:00:01,033 用户没有扫码关注。转发给主号
2022-01-13 12:00:01,033 用户没有扫码关注。转发给主号
2022-01-13 12:00:01,033 用户没有扫码关注。转发给主号
2022-01-13 12:00:01,033 用户没有扫码关注。转发给主号
2022-01-13 12:00:01,033 用户没有扫码关注。转发给主号
2022-01-13 12:00:01,033 用户没有扫码关注。转发给主号
2022-01-13 12:00:01,033 用户没有扫码关注。转发给主号
2022-01-13 12:00:01,033 用户没有扫码关注。转发给主号
2022-01-13 12:00:01,033 用户没有扫码关注。转发给主号
2022-01-13 12:00:01,033 用户没有扫码关注。转发给主号
2022-01-13 12:00:01,033 用户没有扫码关注。转发给主号
2022-01-13 12:00:01,033 用户没有扫码关注。转发给主号
2022-01-13 12:00:01,034 用户没有扫码关注。转发给主号
2022-01-13 12:00:01,034 用户没有扫码关注。转发给主号
2022-01-13 12:00:01,034 用户没有扫码关注。转发给主号
2022-01-13 12:00:01,034 用户没有扫码关注。转发给主号
2022-01-13 12:00:01,034 用户没有扫码关注。转发给主号
2022-01-13 12:00:01,034 用户没有扫码关注。转发给主号
2022-01-13 12:00:01,034 用户没有扫码关注。转发给主号
2022-01-13 12:00:01,034 用户没有扫码关注。转发给主号
2022-01-13 12:00:01,034 用户没有扫码关注。转发给主号
2022-01-13 12:00:01,034 用户没有扫码关注。转发给主号
2022-01-13 12:00:01,034 用户没有扫码关注。转发给主号
2022-01-13 12:00:01,034 用户没有扫码关注。转发给主号
